#
# There is insufficient memory for the Java Runtime Environment to continue.
# Native memory allocation (malloc) failed to allocate 1105456 bytes for Chunk::new
# Possible reasons:
#   The system is out of physical RAM or swap space
#   In 32 bit mode, the process size limit was hit
# Possible solutions:
#   Reduce memory load on the system
#   Increase physical memory or swap space
#   Check if swap backing store is full
#   Use 64 bit Java on a 64 bit OS
#   Decrease Java heap size (-Xmx/-Xms)
#   Decrease number of Java threads
#   Decrease Java thread stack sizes (-Xss)
#   Set larger code cache with -XX:ReservedCodeCacheSize=
# This output file may be truncated or incomplete.
#
#  Out of Memory Error (allocation.cpp:390), pid=11372, tid=0x0000000000003f48
#
# JRE version: Java(TM) SE Runtime Environment (8.0_172-b03) (build 1.8.0_172-ea-b03)
# Java VM: Java HotSpot(TM) 64-Bit Server VM (25.172-b03 mixed mode windows-amd64 compressed oops)
# Failed to write core dump. Minidumps are not enabled by default on client versions of Windows
#

---------------  T H R E A D  ---------------

Current thread (0x000000001c186800):  JavaThread "C2 CompilerThread0" daemon [_thread_in_native, id=16200, stack(0x000000001c5d0000,0x000000001c6d0000)]

Stack: [0x000000001c5d0000,0x000000001c6d0000]
[error occurred during error reporting (printing stack bounds), id 0xc0000005]

Native frames: (J=compiled Java code, j=interpreted, Vv=VM code, C=native code)


Current CompileTask:
C2:2038960 12460   !   4       org.springframework.web.servlet.mvc.condition.ProducesRequestCondition::getMatchingCondition (133 bytes)


---------------  P R O C E S S  ---------------

Java Threads: ( => current thread )
  0x000000001e539000 JavaThread "qtp1099435346-259" [_thread_in_Java, id=22884, stack(0x000000002f610000,0x000000002f710000)]
  0x000000001e538000 JavaThread "qtp1099435346-258" [_thread_in_Java, id=22880, stack(0x000000002f3a0000,0x000000002f4a0000)]
  0x000000001e537800 JavaThread "qtp1099435346-257" [_thread_in_native, id=22868, stack(0x000000002f240000,0x000000002f340000)]
  0x000000001e536800 JavaThread "qtp1099435346-256" [_thread_in_native, id=22860, stack(0x000000002f0a0000,0x000000002f1a0000)]
  0x000000001e536000 JavaThread "qtp1099435346-255" [_thread_blocked, id=22856, stack(0x000000002df90000,0x000000002e090000)]
  0x000000001e535000 JavaThread "qtp1099435346-254" [_thread_in_Java, id=22852, stack(0x000000002edd0000,0x000000002eed0000)]
  0x000000001d766000 JavaThread "qtp1099435346-253" [_thread_blocked, id=22804, stack(0x000000002bed0000,0x000000002bfd0000)]
  0x000000001d765000 JavaThread "qtp1099435346-252" [_thread_blocked, id=22324, stack(0x000000002eef0000,0x000000002eff0000)]
  0x000000001d764800 JavaThread "qtp1099435346-251" [_thread_blocked, id=22320, stack(0x000000002e2d0000,0x000000002e3d0000)]
  0x000000001d763800 JavaThread "qtp1099435346-250" [_thread_blocked, id=22316, stack(0x000000002ecc0000,0x000000002edc0000)]
  0x000000001d763000 JavaThread "qtp1099435346-249" [_thread_blocked, id=22308, stack(0x000000002ebc0000,0x000000002ecc0000)]
  0x000000001d762000 JavaThread "qtp1099435346-248" [_thread_blocked, id=22304, stack(0x000000002ea70000,0x000000002eb70000)]
  0x000000001d761800 JavaThread "qtp1099435346-247" [_thread_blocked, id=22300, stack(0x000000002e830000,0x000000002e930000)]
  0x000000001d760800 JavaThread "qtp1099435346-246" [_thread_blocked, id=22296, stack(0x000000002e710000,0x000000002e810000)]
  0x000000001d760000 JavaThread "qtp1099435346-245" [_thread_in_native, id=22288, stack(0x000000002e4d0000,0x000000002e5d0000)]
  0x000000001d75f000 JavaThread "qtp1099435346-244" [_thread_blocked, id=22280, stack(0x000000002e5d0000,0x000000002e6d0000)]
  0x00000000294fa800 JavaThread "qtp1099435346-243" [_thread_blocked, id=20728, stack(0x000000002e3d0000,0x000000002e4d0000)]
  0x00000000294f8800 JavaThread "qtp1099435346-242" [_thread_blocked, id=17748, stack(0x000000002cb50000,0x000000002cc50000)]
  0x00000000294f9000 JavaThread "qtp1099435346-241" [_thread_blocked, id=14744, stack(0x000000002e1c0000,0x000000002e2c0000)]
  0x00000000294f6000 JavaThread "qtp1099435346-239" [_thread_blocked, id=10076, stack(0x000000002ce20000,0x000000002cf20000)]
  0x00000000294f4800 JavaThread "qtp1099435346-238" [_thread_blocked, id=13168, stack(0x000000002cc90000,0x000000002cd90000)]
  0x00000000294fa000 JavaThread "AsyncResolver-bootstrap-executor-0" daemon [_thread_blocked, id=10952, stack(0x000000002c940000,0x000000002ca40000)]
  0x00000000294f4000 JavaThread "DiscoveryClient-2" daemon [_thread_blocked, id=9076, stack(0x000000002ca40000,0x000000002cb40000)]
  0x000000001aff3000 JavaThread "DiscoveryClient-HeartbeatExecutor-0" daemon [_thread_blocked, id=9440, stack(0x00000000272e0000,0x00000000273e0000)]
  0x000000001aff8000 JavaThread "DiscoveryClient-CacheRefreshExecutor-0" daemon [_thread_blocked, id=15844, stack(0x000000001f200000,0x000000001f300000)]
  0x000000001aff6000 JavaThread "Scheduler-472679221" [_thread_blocked, id=14480, stack(0x000000001ec90000,0x000000001ed90000)]
  0x000000002632a000 JavaThread "DiscoveryClient-InstanceInfoReplicator-0" daemon [_thread_blocked, id=15708, stack(0x000000002c3f0000,0x000000002c4f0000)]
  0x0000000026325800 JavaThread "DiscoveryClient-1" daemon [_thread_blocked, id=4328, stack(0x000000002c790000,0x000000002c890000)]
  0x0000000026324000 JavaThread "DiscoveryClient-0" daemon [_thread_blocked, id=7188, stack(0x000000002a580000,0x000000002a680000)]
  0x0000000026328000 JavaThread "AsyncResolver-bootstrap-0" daemon [_thread_blocked, id=10700, stack(0x000000002c2b0000,0x000000002c3b0000)]
  0x0000000026326000 JavaThread "Eureka-JerseyClient-Conn-Cleaner2" daemon [_thread_blocked, id=15604, stack(0x000000002a9f0000,0x000000002aaf0000)]
  0x0000000026329800 JavaThread "Eureka-JerseyClient-Conn-Cleaner2" daemon [_thread_blocked, id=11232, stack(0x000000002a8e0000,0x000000002a9e0000)]
  0x0000000026324800 JavaThread "File Watcher" daemon [_thread_blocked, id=15572, stack(0x0000000024ba0000,0x0000000024ca0000)]
  0x0000000026328800 JavaThread "spring.cloud.inetutils" daemon [_thread_blocked, id=16004, stack(0x0000000027490000,0x0000000027590000)]
  0x000000001aff1800 JavaThread "Druid-ConnectionPool-Destroy-807879453" daemon [_thread_blocked, id=10020, stack(0x0000000024860000,0x0000000024960000)]
  0x000000001aff2000 JavaThread "Druid-ConnectionPool-Create-807879453" daemon [_thread_blocked, id=10364, stack(0x0000000024ed0000,0x0000000024fd0000)]
  0x000000001aff9000 JavaThread "Scheduler-249511105" [_thread_blocked, id=14812, stack(0x0000000027100000,0x0000000027200000)]
  0x000000001affb000 JavaThread "qtp1099435346-219" [_thread_blocked, id=4464, stack(0x0000000025730000,0x0000000025830000)]
  0x000000001aff7800 JavaThread "qtp1099435346-218" [_thread_blocked, id=7568, stack(0x0000000025120000,0x0000000025220000)]
  0x000000001affa800 JavaThread "qtp1099435346-217" [_thread_blocked, id=13828, stack(0x00000000246c0000,0x00000000247c0000)]
  0x000000001aff4800 JavaThread "qtp1099435346-216" [_thread_blocked, id=15436, stack(0x00000000245b0000,0x00000000246b0000)]
  0x000000001aff5000 JavaThread "qtp1099435346-215" [_thread_blocked, id=15528, stack(0x00000000242b0000,0x00000000243b0000)]
  0x000000001aff3800 JavaThread "qtp1099435346-214" [_thread_blocked, id=7724, stack(0x0000000021650000,0x0000000021750000)]
  0x000000001afef000 JavaThread "qtp1099435346-213-acceptor-0@4cccc82-ServerConnector@72972421{HTTP/1.1,[http/1.1]}{0.0.0.0:8001}" [_thread_in_native, id=10384, stack(0x000000001f860000,0x000000001f960000)]
  0x000000001aff0800 JavaThread "qtp1099435346-212" [_thread_in_native, id=12644, stack(0x000000001f6b0000,0x000000001f7b0000)]
  0x0000000026327000 JavaThread "DestroyJavaVM" [_thread_blocked, id=16188, stack(0x0000000002750000,0x0000000002850000)]
  0x000000001aff6800 JavaThread "Abandoned connection cleanup thread" daemon [_thread_blocked, id=4028, stack(0x0000000025000000,0x0000000025100000)]
  0x000000001c20b800 JavaThread "Service Thread" daemon [_thread_blocked, id=7412, stack(0x000000001c9b0000,0x000000001cab0000)]
  0x000000001c191000 JavaThread "C1 CompilerThread2" daemon [_thread_in_native, id=15592, stack(0x000000001c760000,0x000000001c860000)]
  0x000000001c189800 JavaThread "C2 CompilerThread1" daemon [_thread_in_native, id=2336, stack(0x000000001c4c0000,0x000000001c5c0000)]
=>0x000000001c186800 JavaThread "C2 CompilerThread0" daemon [_thread_in_native, id=16200, stack(0x000000001c5d0000,0x000000001c6d0000)]
  0x000000001afed800 JavaThread "JDWP Command Reader" daemon [_thread_in_native, id=7304, stack(0x000000001bb40000,0x000000001bc40000)]
  0x000000001afed000 JavaThread "JDWP Event Helper Thread" daemon [_thread_blocked, id=10224, stack(0x000000001b770000,0x000000001b870000)]
  0x000000001afec000 JavaThread "JDWP Transport Listener: dt_socket" daemon [_thread_blocked, id=15972, stack(0x000000001b9d0000,0x000000001bad0000)]
  0x000000001afc7000 JavaThread "Attach Listener" daemon [_thread_blocked, id=15936, stack(0x000000001b650000,0x000000001b750000)]
  0x000000001afc6800 JavaThread "Signal Dispatcher" daemon [_thread_blocked, id=15932, stack(0x000000001b460000,0x000000001b560000)]
  0x0000000019b07800 JavaThread "Finalizer" daemon [_thread_blocked, id=15644, stack(0x000000001ad40000,0x000000001ae40000)]
  0x0000000019ac0800 JavaThread "Reference Handler" daemon [_thread_blocked, id=16196, stack(0x000000001aeb0000,0x000000001afb0000)]

Other Threads:
  0x0000000019ab9000 VMThread [stack: 0x000000001abd0000,0x000000001acd0000] [id=16192]
  0x000000001c061800 WatcherThread [stack: 0x000000001cb80000,0x000000001cc80000] [id=15712]

VM state:not at safepoint (normal execution)

VM Mutex/Monitor currently owned by a thread: None

Heap:
 PSYoungGen      total 1007104K, used 121174K [0x0000000780780000, 0x00000007c0000000, 0x00000007c0000000)
  eden space 985088K, 10% used [0x0000000780780000,0x0000000786f11f10,0x00000007bc980000)
  from space 22016K, 68% used [0x00000007be000000,0x00000007beec3a68,0x00000007bf580000)
  to   space 23040K, 0% used [0x00000007bc980000,0x00000007bc980000,0x00000007be000000)
 ParOldGen       total 156160K, used 64596K [0x0000000701600000, 0x000000070ae80000, 0x0000000780780000)
  object space 156160K, 41% used [0x0000000701600000,0x00000007055153a8,0x000000070ae80000)
 Metaspace       used 63486K, capacity 65334K, committed 65448K, reserved 1105920K
  class space    used 7604K, capacity 8041K, committed 8112K, reserved 1048576K

Card table byte_map: [0x0000000011d10000,0x0000000012310000] byte_map_base: 0x000000000e505000

Marking Bits: (ParMarkBitMap*) 0x0000000077f7cae0
 Begin Bits: [0x0000000012bd0000, 0x0000000015b78000)
 End Bits:   [0x0000000015b78000, 0x0000000018b20000)

Polling page: 0x0000000000230000

CodeCache: size=245760Kb used=39551Kb max_used=39551Kb free=206209Kb
 bounds [0x0000000002950000, 0x0000000005030000, 0x0000000011950000]
 total_blobs=10362 nmethods=9821 adapters=461
 compilation: enabled

Compilation events (10 events):
Event: 2038.380 Thread 0x000000001c191000 nmethod 12580 0x0000000004fa6810 code [0x0000000004fa6960, 0x0000000004fa6b10]
Event: 2038.380 Thread 0x000000001c191000 12582       3       org.springframework.http.converter.AbstractGenericHttpMessageConverter::canWrite (7 bytes)
Event: 2038.380 Thread 0x000000001c191000 nmethod 12582 0x0000000004fa6b90 code [0x0000000004fa6d00, 0x0000000004fa6f28]
Event: 2038.380 Thread 0x000000001c191000 12583       3       org.springframework.http.converter.json.AbstractJackson2HttpMessageConverter::canWrite (46 bytes)
Event: 2038.381 Thread 0x000000001c191000 nmethod 12583 0x0000000004fa6fd0 code [0x0000000004fa71a0, 0x0000000004fa7a58]
Event: 2038.381 Thread 0x000000001c191000 12581       3       org.eclipse.jetty.server.Request::setHandled (6 bytes)
Event: 2038.381 Thread 0x000000001c191000 nmethod 12581 0x0000000004fa7dd0 code [0x0000000004fa7f20, 0x0000000004fa8070]
Event: 2038.381 Thread 0x000000001c191000 12584   !   3       com.fasterxml.jackson.databind.ser.DefaultSerializerProvider::hasSerializerFor (65 bytes)
Event: 2038.382 Thread 0x000000001c191000 nmethod 12584 0x0000000004fa8110 code [0x0000000004fa82c0, 0x0000000004fa8ac8]
Event: 2038.382 Thread 0x000000001c191000 12585       3       com.fasterxml.jackson.databind.SerializerProvider::_findExplicitUntypedSerializer (44 bytes)

GC Heap History (10 events):
Event: 1504.900 GC heap before
{Heap before GC invocations=23 (full 7):
 PSYoungGen      total 997888K, used 889543K [0x0000000780780000, 0x00000007bf980000, 0x00000007c0000000)
  eden space 986112K, 90% used [0x0000000780780000,0x00000007b6c31ef0,0x00000007bca80000)
  from space 11776K, 0% used [0x00000007bca80000,0x00000007bca80000,0x00000007bd600000)
  to   space 24064K, 0% used [0x00000007be200000,0x00000007be200000,0x00000007bf980000)
 ParOldGen       total 156160K, used 55747K [0x0000000701600000, 0x000000070ae80000, 0x0000000780780000)
  object space 156160K, 35% used [0x0000000701600000,0x0000000704c70f90,0x000000070ae80000)
 Metaspace       used 61625K, capacity 63170K, committed 63272K, reserved 1103872K
  class space    used 7525K, capacity 7887K, committed 7984K, reserved 1048576K
Event: 1504.935 GC heap after
Heap after GC invocations=23 (full 7):
 PSYoungGen      total 1009152K, used 11509K [0x0000000780780000, 0x00000007bf880000, 0x00000007c0000000)
  eden space 986112K, 0% used [0x0000000780780000,0x0000000780780000,0x00000007bca80000)
  from space 23040K, 49% used [0x00000007be200000,0x00000007bed3d440,0x00000007bf880000)
  to   space 23552K, 0% used [0x00000007bca80000,0x00000007bca80000,0x00000007be180000)
 ParOldGen       total 156160K, used 55755K [0x0000000701600000, 0x000000070ae80000, 0x0000000780780000)
  object space 156160K, 35% used [0x0000000701600000,0x0000000704c72f90,0x000000070ae80000)
 Metaspace       used 61625K, capacity 63170K, committed 63272K, reserved 1103872K
  class space    used 7525K, capacity 7887K, committed 7984K, reserved 1048576K
}
Event: 1504.935 GC heap before
{Heap before GC invocations=24 (full 8):
 PSYoungGen      total 1009152K, used 11509K [0x0000000780780000, 0x00000007bf880000, 0x00000007c0000000)
  eden space 986112K, 0% used [0x0000000780780000,0x0000000780780000,0x00000007bca80000)
  from space 23040K, 49% used [0x00000007be200000,0x00000007bed3d440,0x00000007bf880000)
  to   space 23552K, 0% used [0x00000007bca80000,0x00000007bca80000,0x00000007be180000)
 ParOldGen       total 156160K, used 55755K [0x0000000701600000, 0x000000070ae80000, 0x0000000780780000)
  object space 156160K, 35% used [0x0000000701600000,0x0000000704c72f90,0x000000070ae80000)
 Metaspace       used 61625K, capacity 63170K, committed 63272K, reserved 1103872K
  class space    used 7525K, capacity 7887K, committed 7984K, reserved 1048576K
Event: 1505.301 GC heap after
Heap after GC invocations=24 (full 8):
 PSYoungGen      total 1009152K, used 0K [0x0000000780780000, 0x00000007bf880000, 0x00000007c0000000)
  eden space 986112K, 0% used [0x0000000780780000,0x0000000780780000,0x00000007bca80000)
  from space 23040K, 0% used [0x00000007be200000,0x00000007be200000,0x00000007bf880000)
  to   space 23552K, 0% used [0x00000007bca80000,0x00000007bca80000,0x00000007be180000)
 ParOldGen       total 156160K, used 60454K [0x0000000701600000, 0x000000070ae80000, 0x0000000780780000)
  object space 156160K, 38% used [0x0000000701600000,0x0000000705109b58,0x000000070ae80000)
 Metaspace       used 61621K, capacity 63164K, committed 63272K, reserved 1103872K
  class space    used 7525K, capacity 7886K, committed 7984K, reserved 1048576K
}
Event: 1519.636 GC heap before
{Heap before GC invocations=25 (full 8):
 PSYoungGen      total 1009152K, used 867104K [0x0000000780780000, 0x00000007bf880000, 0x00000007c0000000)
  eden space 986112K, 87% used [0x0000000780780000,0x00000007b56482d8,0x00000007bca80000)
  from space 23040K, 0% used [0x00000007be200000,0x00000007be200000,0x00000007bf880000)
  to   space 23552K, 0% used [0x00000007bca80000,0x00000007bca80000,0x00000007be180000)
 ParOldGen       total 156160K, used 60454K [0x0000000701600000, 0x000000070ae80000, 0x0000000780780000)
  object space 156160K, 38% used [0x0000000701600000,0x0000000705109b58,0x000000070ae80000)
 Metaspace       used 62190K, capacity 63976K, committed 64168K, reserved 1105920K
  class space    used 7577K, capacity 7988K, committed 8112K, reserved 1048576K
Event: 1519.689 GC heap after
Heap after GC invocations=25 (full 8):
 PSYoungGen      total 997376K, used 10951K [0x0000000780780000, 0x00000007bf580000, 0x00000007c0000000)
  eden space 986112K, 0% used [0x0000000780780000,0x0000000780780000,0x00000007bca80000)
  from space 11264K, 97% used [0x00000007bca80000,0x00000007bd531c58,0x00000007bd580000)
  to   space 22016K, 0% used [0x00000007be000000,0x00000007be000000,0x00000007bf580000)
 ParOldGen       total 156160K, used 60462K [0x0000000701600000, 0x000000070ae80000, 0x0000000780780000)
  object space 156160K, 38% used [0x0000000701600000,0x000000070510bb58,0x000000070ae80000)
 Metaspace       used 62190K, capacity 63976K, committed 64168K, reserved 1105920K
  class space    used 7577K, capacity 7988K, committed 8112K, reserved 1048576K
}
Event: 1519.689 GC heap before
{Heap before GC invocations=26 (full 9):
 PSYoungGen      total 997376K, used 10951K [0x0000000780780000, 0x00000007bf580000, 0x00000007c0000000)
  eden space 986112K, 0% used [0x0000000780780000,0x0000000780780000,0x00000007bca80000)
  from space 11264K, 97% used [0x00000007bca80000,0x00000007bd531c58,0x00000007bd580000)
  to   space 22016K, 0% used [0x00000007be000000,0x00000007be000000,0x00000007bf580000)
 ParOldGen       total 156160K, used 60462K [0x0000000701600000, 0x000000070ae80000, 0x0000000780780000)
  object space 156160K, 38% used [0x0000000701600000,0x000000070510bb58,0x000000070ae80000)
 Metaspace       used 62190K, capacity 63976K, committed 64168K, reserved 1105920K
  class space    used 7577K, capacity 7988K, committed 8112K, reserved 1048576K
Event: 1520.316 GC heap after
Heap after GC invocations=26 (full 9):
 PSYoungGen      total 997376K, used 0K [0x0000000780780000, 0x00000007bf580000, 0x00000007c0000000)
  eden space 986112K, 0% used [0x0000000780780000,0x0000000780780000,0x00000007bca80000)
  from space 11264K, 0% used [0x00000007bca80000,0x00000007bca80000,0x00000007bd580000)
  to   space 22016K, 0% used [0x00000007be000000,0x00000007be000000,0x00000007bf580000)
 ParOldGen       total 156160K, used 64588K [0x0000000701600000, 0x000000070ae80000, 0x0000000780780000)
  object space 156160K, 41% used [0x0000000701600000,0x00000007055133a8,0x000000070ae80000)
 Metaspace       used 62186K, capacity 63970K, committed 64168K, reserved 1105920K
  class space    used 7577K, capacity 7987K, committed 8112K, reserved 1048576K
}
Event: 2036.944 GC heap before
{Heap before GC invocations=27 (full 9):
 PSYoungGen      total 997376K, used 986112K [0x0000000780780000, 0x00000007bf580000, 0x00000007c0000000)
  eden space 986112K, 100% used [0x0000000780780000,0x00000007bca80000,0x00000007bca80000)
  from space 11264K, 0% used [0x00000007bca80000,0x00000007bca80000,0x00000007bd580000)
  to   space 22016K, 0% used [0x00000007be000000,0x00000007be000000,0x00000007bf580000)
 ParOldGen       total 156160K, used 64588K [0x0000000701600000, 0x000000070ae80000, 0x0000000780780000)
  object space 156160K, 41% used [0x0000000701600000,0x00000007055133a8,0x000000070ae80000)
 Metaspace       used 62954K, capacity 64814K, committed 64936K, reserved 1105920K
  class space    used 7604K, capacity 8041K, committed 8112K, reserved 1048576K
Event: 2036.987 GC heap after
Heap after GC invocations=27 (full 9):
 PSYoungGen      total 1007104K, used 15118K [0x0000000780780000, 0x00000007c0000000, 0x00000007c0000000)
  eden space 985088K, 0% used [0x0000000780780000,0x0000000780780000,0x00000007bc980000)
  from space 22016K, 68% used [0x00000007be000000,0x00000007beec3a68,0x00000007bf580000)
  to   space 23040K, 0% used [0x00000007bc980000,0x00000007bc980000,0x00000007be000000)
 ParOldGen       total 156160K, used 64596K [0x0000000701600000, 0x000000070ae80000, 0x0000000780780000)
  object space 156160K, 41% used [0x0000000701600000,0x00000007055153a8,0x000000070ae80000)
 Metaspace       used 62954K, capacity 64814K, committed 64936K, reserved 1105920K
  class space    used 7604K, capacity 8041K, committed 8112K, reserved 1048576K
}

Deoptimization events (10 events):
Event: 1509.647 Thread 0x000000001aff6000 Uncommon trap: reason=range_check action=make_not_entrant pc=0x0000000004abfbb0 method=org.springframework.asm.Type.getType([CI)Lorg/springframework/asm/Type; @ 2
Event: 1510.472 Thread 0x000000001aff6000 Uncommon trap: reason=null_check action=make_not_entrant pc=0x0000000003369a24 method=org.hibernate.validator.internal.util.ReflectionHelper.isMap(Ljava/lang/reflect/Type;)Z @ 13
Event: 1519.615 Thread 0x000000001aff8000 Uncommon trap: reason=bimorphic action=maybe_recompile pc=0x0000000003e90684 method=java.util.HashMap.removeNode(ILjava/lang/Object;Ljava/lang/Object;ZZ)Ljava/util/HashMap$Node; @ 143
Event: 1519.615 Thread 0x000000001aff8000 Uncommon trap: reason=bimorphic action=maybe_recompile pc=0x0000000003e90684 method=java.util.HashMap.removeNode(ILjava/lang/Object;Ljava/lang/Object;ZZ)Ljava/util/HashMap$Node; @ 143
Event: 1523.495 Thread 0x000000001aff3000 Uncommon trap: reason=array_check action=maybe_recompile pc=0x0000000002dbf368 method=org.springframework.core.annotation.AnnotationUtils.synthesizeAnnotationArray([Ljava/lang/annotation/Annotation;Ljava/lang/Object;)[Ljava/lang/annotation/Annotation; @ 4
Event: 1526.311 Thread 0x000000001aff3000 Uncommon trap: reason=null_check action=make_not_entrant pc=0x0000000004cdcb24 method=org.hibernate.validator.internal.util.ReflectionHelper.isIterable(Ljava/lang/reflect/Type;)Z @ 13
Event: 1527.162 Thread 0x000000001aff3000 Uncommon trap: reason=array_check action=maybe_recompile pc=0x0000000004ca262c method=java.util.ComparableTimSort.binarySort([Ljava/lang/Object;III)V @ 215
Event: 2036.362 Thread 0x000000001affb000 Uncommon trap: reason=bimorphic action=maybe_recompile pc=0x0000000003e90684 method=java.util.HashMap.removeNode(ILjava/lang/Object;Ljava/lang/Object;ZZ)Ljava/util/HashMap$Node; @ 143
Event: 2038.084 Thread 0x000000001affa800 Uncommon trap: reason=bimorphic action=maybe_recompile pc=0x0000000003e90684 method=java.util.HashMap.removeNode(ILjava/lang/Object;Ljava/lang/Object;ZZ)Ljava/util/HashMap$Node; @ 143
Event: 2038.283 Thread 0x000000001d763000 Uncommon trap: reason=unstable_if action=reinterpret pc=0x0000000004efabf4 method=java.util.concurrent.locks.AbstractQueuedSynchronizer.acquire(I)V @ 5

Classes redefined (0 events):
No events

Internal exceptions (10 events):
Event: 1737.739 Thread 0x000000001aff3000 Exception <a 'java/net/SocketTimeoutException': Read timed out> (0x00000007b56782c8) thrown at [C:\re\workspace\8-2-build-windows-amd64-cygwin\jdk8u172\10435.nc\hotspot\src\share\vm\prims\jni.cpp, line 735]
Event: 1767.758 Thread 0x000000001aff3000 Exception <a 'java/net/SocketTimeoutException': Read timed out> (0x00000007b56829f0) thrown at [C:\re\workspace\8-2-build-windows-amd64-cygwin\jdk8u172\10435.nc\hotspot\src\share\vm\prims\jni.cpp, line 735]
Event: 1797.766 Thread 0x000000001aff3000 Exception <a 'java/net/SocketTimeoutException': Read timed out> (0x00000007b568d118) thrown at [C:\re\workspace\8-2-build-windows-amd64-cygwin\jdk8u172\10435.nc\hotspot\src\share\vm\prims\jni.cpp, line 735]
Event: 1827.772 Thread 0x000000001aff3000 Exception <a 'java/net/SocketTimeoutException': Read timed out> (0x00000007b5697840) thrown at [C:\re\workspace\8-2-build-windows-amd64-cygwin\jdk8u172\10435.nc\hotspot\src\share\vm\prims\jni.cpp, line 735]
Event: 1857.781 Thread 0x000000001aff3000 Exception <a 'java/net/SocketTimeoutException': Read timed out> (0x00000007b56a1f68) thrown at [C:\re\workspace\8-2-build-windows-amd64-cygwin\jdk8u172\10435.nc\hotspot\src\share\vm\prims\jni.cpp, line 735]
Event: 1887.786 Thread 0x000000001aff3000 Exception <a 'java/net/SocketTimeoutException': Read timed out> (0x00000007b56ac690) thrown at [C:\re\workspace\8-2-build-windows-amd64-cygwin\jdk8u172\10435.nc\hotspot\src\share\vm\prims\jni.cpp, line 735]
Event: 1917.794 Thread 0x000000001aff3000 Exception <a 'java/net/SocketTimeoutException': Read timed out> (0x00000007b56b6db8) thrown at [C:\re\workspace\8-2-build-windows-amd64-cygwin\jdk8u172\10435.nc\hotspot\src\share\vm\prims\jni.cpp, line 735]
Event: 1947.807 Thread 0x000000001aff3000 Exception <a 'java/net/SocketTimeoutException': Read timed out> (0x00000007b56c14e0) thrown at [C:\re\workspace\8-2-build-windows-amd64-cygwin\jdk8u172\10435.nc\hotspot\src\share\vm\prims\jni.cpp, line 735]
Event: 1977.815 Thread 0x000000001aff3000 Exception <a 'java/net/SocketTimeoutException': Read timed out> (0x00000007b56cbc08) thrown at [C:\re\workspace\8-2-build-windows-amd64-cygwin\jdk8u172\10435.nc\hotspot\src\share\vm\prims\jni.cpp, line 735]
Event: 2007.822 Thread 0x000000001aff3000 Exception <a 'java/net/SocketTimeoutException': Read timed out> (0x00000007b56d6330) thrown at [C:\re\workspace\8-2-build-windows-amd64-cygwin\jdk8u172\10435.nc\hotspot\src\share\vm\prims\jni.cpp, line 735]

Events (10 events):
Event: 2038.108 Thread 0x000000001c191000 flushing nmethod 0x0000000002be23d0
Event: 2038.109 Thread 0x000000001c191000 flushing nmethod 0x0000000002c0c410
Event: 2038.181 Thread 0x000000001c191000 flushing nmethod 0x0000000003048c90
Event: 2038.181 Thread 0x000000001c191000 flushing nmethod 0x000000000308a790
Event: 2038.183 Thread 0x000000001c191000 flushing nmethod 0x00000000032ac250
Event: 2038.185 Thread 0x000000001c191000 flushing nmethod 0x000000000343f450
Event: 2038.199 Thread 0x000000001c191000 flushing nmethod 0x00000000048e7650
Event: 2038.283 Thread 0x000000001d763000 Uncommon trap: trap_request=0xffffff65 fr.pc=0x0000000004efabf4
Event: 2038.283 Thread 0x000000001d763000 DEOPT PACKING pc=0x0000000004efabf4 sp=0x000000002ecbeaf0
Event: 2038.283 Thread 0x000000001d763000 DEOPT UNPACKING pc=0x000000000299583b sp=0x000000002ecbe9a8 mode 2


Dynamic libraries:
0x000000013f3c0000 - 0x000000013f3f7000 	C:\Program Files\Java\jdk1.8.0_172\bin\java.exe
0x00000000772c0000 - 0x000000007746a000 	C:\Windows\SYSTEM32\ntdll.dll
0x0000000077040000 - 0x000000007715f000 	C:\Windows\system32\kernel32.dll
0x000007fefd820000 - 0x000007fefd88a000 	C:\Windows\system32\KERNELBASE.dll
0x000007fefe0a0000 - 0x000007fefe17b000 	C:\Windows\system32\ADVAPI32.dll
0x000007fefe420000 - 0x000007fefe4bf000 	C:\Windows\system32\msvcrt.dll
0x000007fefdde0000 - 0x000007fefddff000 	C:\Windows\SYSTEM32\sechost.dll
0x000007fefe210000 - 0x000007fefe33d000 	C:\Windows\system32\RPCRT4.dll
0x0000000076de0000 - 0x0000000076eda000 	C:\Windows\system32\USER32.dll
0x000007fefe180000 - 0x000007fefe1e7000 	C:\Windows\system32\GDI32.dll
0x000007feff3c0000 - 0x000007feff3ce000 	C:\Windows\system32\LPK.dll
0x000007feff2f0000 - 0x000007feff3bb000 	C:\Windows\system32\USP10.dll
0x000007fefc190000 - 0x000007fefc384000 	C:\Windows\WinSxS\amd64_microsoft.windows.common-controls_6595b64144ccf1df_6.0.7601.18837_none_fa3b1e3d17594757\COMCTL32.dll
0x000007fefde30000 - 0x000007fefdea1000 	C:\Windows\system32\SHLWAPI.dll
0x000007fefde00000 - 0x000007fefde2e000 	C:\Windows\system32\IMM32.DLL
0x000007fefdf90000 - 0x000007fefe099000 	C:\Windows\system32\MSCTF.dll
0x000007fefd6f0000 - 0x000007fefd722000 	C:\Windows\system32\nvinitx.dll
0x000007fefd6e0000 - 0x000007fefd6ec000 	C:\Windows\system32\VERSION.dll
0x0000000074480000 - 0x0000000074486000 	C:\Program Files\NVIDIA Corporation\CoProcManager\detoured.dll
0x000007fefa490000 - 0x000007fefa4c8000 	C:\Program Files\NVIDIA Corporation\CoProcManager\nvd3d9wrapx.dll
0x000007fefdb60000 - 0x000007fefdd37000 	C:\Windows\system32\SETUPAPI.dll
0x000007fefdaa0000 - 0x000007fefdad6000 	C:\Windows\system32\CFGMGR32.dll
0x000007fefdeb0000 - 0x000007fefdf8a000 	C:\Windows\system32\OLEAUT32.dll
0x000007feff3d0000 - 0x000007feff5cc000 	C:\Windows\system32\ole32.dll
0x000007fefdae0000 - 0x000007fefdafa000 	C:\Windows\system32\DEVOBJ.dll
0x000007fefa460000 - 0x000007fefa484000 	C:\Program Files\NVIDIA Corporation\CoProcManager\nvdxgiwrapx.dll
0x00000000501b0000 - 0x0000000050282000 	C:\Program Files\Java\jdk1.8.0_172\jre\bin\msvcr100.dll
0x0000000077760000 - 0x0000000077ffc000 	C:\Program Files\Java\jdk1.8.0_172\jre\bin\server\jvm.dll
0x000007fef7830000 - 0x000007fef7839000 	C:\Windows\system32\WSOCK32.dll
0x000007fefe3d0000 - 0x000007fefe41d000 	C:\Windows\system32\WS2_32.dll
0x000007fefe3c0000 - 0x000007fefe3c8000 	C:\Windows\system32\NSI.dll
0x000007fefb8e0000 - 0x000007fefb91b000 	C:\Windows\system32\WINMM.dll
0x0000000077490000 - 0x0000000077497000 	C:\Windows\system32\PSAPI.DLL
0x0000000059510000 - 0x000000005951f000 	C:\Program Files\Java\jdk1.8.0_172\jre\bin\verify.dll
0x0000000050180000 - 0x00000000501a9000 	C:\Program Files\Java\jdk1.8.0_172\jre\bin\java.dll
0x00000000737e0000 - 0x0000000073815000 	C:\Program Files\Java\jdk1.8.0_172\jre\bin\jdwp.dll
0x0000000074460000 - 0x0000000074468000 	C:\Program Files\Java\jdk1.8.0_172\jre\bin\npt.dll
0x0000000073af0000 - 0x0000000073b13000 	C:\Program Files\Java\jdk1.8.0_172\jre\bin\instrument.dll
0x0000000051bb0000 - 0x0000000051bc6000 	C:\Program Files\Java\jdk1.8.0_172\jre\bin\zip.dll
0x000007fefe4c0000 - 0x000007feff24a000 	C:\Windows\system32\SHELL32.dll
0x000007fefd730000 - 0x000007fefd73f000 	C:\Windows\system32\profapi.dll
0x0000000074470000 - 0x0000000074479000 	C:\Program Files\Java\jdk1.8.0_172\jre\bin\dt_socket.dll
0x000007fefcf40000 - 0x000007fefcf95000 	C:\Windows\system32\mswsock.dll
0x000007fefc8e0000 - 0x000007fefc8e7000 	C:\Windows\System32\wshtcpip.dll
0x0000000050160000 - 0x000000005017a000 	C:\Program Files\Java\jdk1.8.0_172\jre\bin\net.dll
0x000007fefcf30000 - 0x000007fefcf37000 	C:\Windows\System32\wship6.dll
0x000007fefb1a0000 - 0x000007fefb1c7000 	C:\Windows\system32\IPHLPAPI.DLL
0x000007fefb190000 - 0x000007fefb19b000 	C:\Windows\system32\WINNSI.DLL
0x000007fefad20000 - 0x000007fefad38000 	C:\Windows\system32\dhcpcsvc.DLL
0x000007fefac70000 - 0x000007fefac81000 	C:\Windows\system32\dhcpcsvc6.DLL
0x000007fefcdc0000 - 0x000007fefce1b000 	C:\Windows\system32\DNSAPI.dll
0x000007fef76b0000 - 0x000007fef76b8000 	C:\Windows\system32\rasadhlp.dll
0x000007fefade0000 - 0x000007fefae33000 	C:\Windows\System32\fwpuclnt.dll
0x0000000074450000 - 0x000000007445d000 	C:\Program Files\Java\jdk1.8.0_172\jre\bin\management.dll
0x000007fefb700000 - 0x000007fefb715000 	C:\Windows\system32\NLAapi.dll
0x000007fef9070000 - 0x000007fef9085000 	C:\Windows\system32\napinsp.dll
0x000007fef9050000 - 0x000007fef9069000 	C:\Windows\system32\pnrpnsp.dll
0x000007fef9040000 - 0x000007fef904b000 	C:\Windows\System32\winrnr.dll
0x000007fef9030000 - 0x000007fef9040000 	C:\Windows\system32\wshbth.dll
0x0000000050140000 - 0x0000000050151000 	C:\Program Files\Java\jdk1.8.0_172\jre\bin\nio.dll
0x000007fefcfa0000 - 0x000007fefcfb8000 	C:\Windows\system32\CRYPTSP.dll
0x000007fefcc80000 - 0x000007fefccc7000 	C:\Windows\system32\rsaenh.dll
0x000007fefca20000 - 0x000007fefca3e000 	C:\Windows\system32\USERENV.dll
0x000007fefd610000 - 0x000007fefd61f000 	C:\Windows\system32\CRYPTBASE.dll
0x000000006e0d0000 - 0x000000006e0f4000 	C:\Program Files\Java\jdk1.8.0_172\jre\bin\sunec.dll

VM Arguments:
jvm_args: -agentlib:jdwp=transport=dt_socket,address=127.0.0.1:59233,suspend=y,server=n -javaagent:C:\Users\Administrator\AppData\Local\JetBrains\IdeaIC2020.2\captureAgent\debugger-agent.jar -Dfile.encoding=UTF-8 
java_command: com.kingchen.springcloud.DeptProvider8001_App
java_class_path (initial): C:\Program Files\Java\jdk1.8.0_172\jre\lib\charsets.jar;C:\Program Files\Java\jdk1.8.0_172\jre\lib\deploy.jar;C:\Program Files\Java\jdk1.8.0_172\jre\lib\ext\access-bridge-64.jar;C:\Program Files\Java\jdk1.8.0_172\jre\lib\ext\cldrdata.jar;C:\Program Files\Java\jdk1.8.0_172\jre\lib\ext\dnsns.jar;C:\Program Files\Java\jdk1.8.0_172\jre\lib\ext\jaccess.jar;C:\Program Files\Java\jdk1.8.0_172\jre\lib\ext\jfxrt.jar;C:\Program Files\Java\jdk1.8.0_172\jre\lib\ext\localedata.jar;C:\Program Files\Java\jdk1.8.0_172\jre\lib\ext\nashorn.jar;C:\Program Files\Java\jdk1.8.0_172\jre\lib\ext\sunec.jar;C:\Program Files\Java\jdk1.8.0_172\jre\lib\ext\sunjce_provider.jar;C:\Program Files\Java\jdk1.8.0_172\jre\lib\ext\sunmscapi.jar;C:\Program Files\Java\jdk1.8.0_172\jre\lib\ext\sunpkcs11.jar;C:\Program Files\Java\jdk1.8.0_172\jre\lib\ext\zipfs.jar;C:\Program Files\Java\jdk1.8.0_172\jre\lib\javaws.jar;C:\Program Files\Java\jdk1.8.0_172\jre\lib\jce.jar;C:\Program Files\Java\jdk1.8.0_172\jre\lib\jfxswt.jar;C:\Program Files\Java\jdk1.8.0_172\jre\lib\jsse.jar;C:\Program Files\Java\jdk1.8.0_172\jre\lib\management-agent.jar;C:\Program Files\Java\jdk1.8.0_172\jre\lib\plugin.jar;C:\Program Files\Java\jdk1.8.0_172\jre\lib\resources.jar;C:\Program Files\Java\jdk1.8.0_172\jre\lib\rt.jar;D:\King-chen-springCloud-study\microServiceSpringCloud\microservicespringcloud-provider-dept-8001\target\classes;D:\King-chen-springCloud-study\microServiceSpringCloud\microservicespringcloud-api\target\classes;D:\mavenRepository\org\projectlombok\lombok\1.16.18\lombok-1.16.18.jar;D:\mavenRepository\org\springframework\cloud\spring-cloud-starter-feign\1.3.1.RELEASE\spring-cloud-starter-feign-1.3.1.RELEASE.jar;D:\mavenRepository\org\springframework\cloud\spring-cloud-commons\1.2.2.RELEASE\spring-cloud-commons-1.2.2.RELEASE.jar;D:\mavenRepository\org\springframework\security\spring-security-crypto\4.2.3.RELEASE\spring-security-crypto-4.2.3.RELEASE.jar;D:\mavenRepository\io\github\openfeign\fei
Launcher Type: SUN_STANDARD

Environment Variables:
JAVA_HOME=C:\Program Files\Java\jdk1.8.0_172
CLASSPATH=.;C:\Program Files\Java\jdk1.8.0_172\lib\tools.jar;C:\Program Files\Java\jdk1.8.0_172\lib\dt.jar;C:\Program Files\Java\jdk1.8.0_172\bin;
PATH=F:\软件开发技术学习\大数据\4 工具包\python;F:\软件开发技术学习\大;据\4 工具包\Xshell\Xshell_install\;D:\;pp\Administrator\product\11.2.0\dbhome_1\bin;D:\Oracle\product\11.2.0\client_2\bin;D:\Oracle\product\11.2.0\client_1\bin;D:\Oracle\product\11.2.0\dbhome_1\bin;C:\Windows\system32;C:\Windows;C:\Windows\system32\WBEM;D:\apache-maven-3.6.3\bin;C:\Program Files\Java\jdk1.8.0_172\bin;C:\Program Files\Java\jdk1.8.0_172\jre\bin;C:\ProgramData\Oracle\Java\javapath;D:\apache-maven-3.6.3\bin;\D:\Program Files (x86)\Java\android-sdk-windows\tools;C:\Program Files\Java\jdk1.8.0_172\bin;C:\Program Files\Java\jdk1.8.0_172\jre\bin;C:\Windows\system32;C:\Windows;C:\Windows\System32\Wbem;C:\Windows\System32\WindowsPowerShell\v1.0\;D:\PROGRA~1\ATT\Graphviz\bin;D:\PROGRA~1\ATT\Graphviz\bin\tools;C:\emotenet\cygwin\bin;C:\Program Files\TortoiseSVN\bin;F:\后端学习\Eclipse_知领互联\redis(1)\redis6379;F:\后端学习;Eclipse_知领互联\apache-cxf-3.0.16\bin;F:\;端学习\Python\Scripts\;F:;后端学习\Python\pip.exe;F:\;件开发技术学习\大数据\4 工具包\python\Scripts;F:\软件开发技术学习\;数据\4 工具包\python\Scripts\pip.exe;;D:\项目期间学习视频\git\Git\cmd;C:\Program Files\TortoiseGit\bin;D:\apache-maven-3.6.3\bin;C:\Users\Administrator\anaconda3;C:\Users\Administrator\anaconda3\Library\mingw-w64\bin;C:\Users\Administrator\anaconda3\Library\usr\bin;C:\Users\Administrator\anaconda3\Library\bin;C:\Users\Administrator\anaconda3\Scripts;F:\后端学习\Python\Scripts\;F:\后端学习\Python\pip.exe;F:\后端学习\Python\;C:\Users\Administrator\AppData\Local\GitHubDesktop\bin;C:\Users\Administrator\AppData\Local\BypassRuntm
USERNAME=Administrator
OS=Windows_NT
PROCESSOR_IDENTIFIER=Intel64 Family 6 Model 61 Stepping 4, GenuineIntel



---------------  S Y S T E M  ---------------

OS: Windows 7 , 64 bit Build 7601 (6.1.7601.23915)

CPU:total 4 (initial active 4) (2 cores per cpu, 2 threads per core) family 6 model 61 stepping 4, cmov, cx8, fxsr, mmx, sse, sse2, sse3, ssse3, sse4.1, sse4.2, popcnt, avx, avx2, aes, clmul, erms, 3dnowpref, lzcnt, ht, tsc, tscinvbit, bmi1, bmi2, adx

Memory: 4k page, physical 12491280k(1441032k free), swap 18121420k(6712k free)

vm_info: Java HotSpot(TM) 64-Bit Server VM (25.172-b03) for windows-amd64 JRE (1.8.0_172-ea-b03), built on Jan 18 2018 07:33:36 by "java_re" with MS VC++ 10.0 (VS2010)

time: Sat Sep 18 22:29:28 2021
elapsed time: 2038 seconds (0d 0h 33m 58s)

