#
# There is insufficient memory for the Java Runtime Environment to continue.
# Native memory allocation (malloc) failed to allocate 3108496 bytes for Chunk::new
# Possible reasons:
#   The system is out of physical RAM or swap space
#   In 32 bit mode, the process size limit was hit
# Possible solutions:
#   Reduce memory load on the system
#   Increase physical memory or swap space
#   Check if swap backing store is full
#   Use 64 bit Java on a 64 bit OS
#   Decrease Java heap size (-Xmx/-Xms)
#   Decrease number of Java threads
#   Decrease Java thread stack sizes (-Xss)
#   Set larger code cache with -XX:ReservedCodeCacheSize=
# This output file may be truncated or incomplete.
#
#  Out of Memory Error (allocation.cpp:390), pid=9120, tid=0x0000000000000e48
#
# JRE version: Java(TM) SE Runtime Environment (8.0_172-b03) (build 1.8.0_172-ea-b03)
# Java VM: Java HotSpot(TM) 64-Bit Server VM (25.172-b03 mixed mode windows-amd64 compressed oops)
# Failed to write core dump. Minidumps are not enabled by default on client versions of Windows
#

---------------  T H R E A D  ---------------

Current thread (0x000000001c896000):  JavaThread "C2 CompilerThread1" daemon [_thread_in_native, id=3656, stack(0x000000001cf00000,0x000000001d000000)]

Stack: [0x000000001cf00000,0x000000001d000000]
[error occurred during error reporting (printing stack bounds), id 0xc0000005]

Native frames: (J=compiled Java code, j=interpreted, Vv=VM code, C=native code)


Current CompileTask:
C2:   9708 2744       4       org.springframework.asm.ClassReader::readCode (3579 bytes)


---------------  P R O C E S S  ---------------

Java Threads: ( => current thread )
  0x000000001df25000 JavaThread "restartedMain" [_thread_in_vm, id=4540, stack(0x000000001f4f0000,0x000000001f5f0000)]
  0x000000001e3d3800 JavaThread "Thread-0" [_thread_blocked, id=3112, stack(0x000000001cda0000,0x000000001cea0000)]
  0x000000001c8e0800 JavaThread "Service Thread" daemon [_thread_blocked, id=2044, stack(0x000000001d110000,0x000000001d210000)]
  0x000000001c896800 JavaThread "C1 CompilerThread2" daemon [_thread_in_vm, id=10348, stack(0x000000001d010000,0x000000001d110000)]
=>0x000000001c896000 JavaThread "C2 CompilerThread1" daemon [_thread_in_native, id=3656, stack(0x000000001cf00000,0x000000001d000000)]
  0x000000001c84c800 JavaThread "C2 CompilerThread0" daemon [_thread_in_native, id=8148, stack(0x000000001c070000,0x000000001c170000)]
  0x000000001ba00000 JavaThread "JDWP Command Reader" daemon [_thread_in_native, id=10504, stack(0x000000001c490000,0x000000001c590000)]
  0x000000001b9fc800 JavaThread "JDWP Event Helper Thread" daemon [_thread_blocked, id=9392, stack(0x000000001c340000,0x000000001c440000)]
  0x000000001b9f1000 JavaThread "JDWP Transport Listener: dt_socket" daemon [_thread_blocked, id=10684, stack(0x000000001b700000,0x000000001b800000)]
  0x000000001a449000 JavaThread "Attach Listener" daemon [_thread_blocked, id=6468, stack(0x000000001bf30000,0x000000001c030000)]
  0x000000001a44f000 JavaThread "Signal Dispatcher" daemon [_thread_blocked, id=11560, stack(0x000000001bdf0000,0x000000001bef0000)]
  0x000000001a431800 JavaThread "Finalizer" daemon [_thread_blocked, id=7172, stack(0x000000001b8c0000,0x000000001b9c0000)]
  0x000000001a3ea800 JavaThread "Reference Handler" daemon [_thread_blocked, id=9396, stack(0x000000001b5f0000,0x000000001b6f0000)]
  0x0000000002ce0000 JavaThread "main" [_thread_blocked, id=6608, stack(0x0000000002ee0000,0x0000000002fe0000)]

Other Threads:
  0x000000001a3e2800 VMThread [stack: 0x000000001b4b0000,0x000000001b5b0000] [id=3612]
  0x000000001c95e000 WatcherThread [stack: 0x000000001d290000,0x000000001d390000] [id=9920]

VM state:not at safepoint (normal execution)

VM Mutex/Monitor currently owned by a thread: None

Heap:
 PSYoungGen      total 202240K, used 29452K [0x0000000780780000, 0x0000000794c00000, 0x00000007c0000000)
  eden space 193536K, 12% used [0x0000000780780000,0x0000000781e7c350,0x000000078c480000)
  from space 8704K, 67% used [0x000000078c480000,0x000000078ca46da0,0x000000078cd00000)
  to   space 8704K, 0% used [0x0000000794380000,0x0000000794380000,0x0000000794c00000)
 ParOldGen       total 64000K, used 6131K [0x0000000701600000, 0x0000000705480000, 0x0000000780780000)
  object space 64000K, 9% used [0x0000000701600000,0x0000000701bfcfc8,0x0000000705480000)
 Metaspace       used 26934K, capacity 27304K, committed 27568K, reserved 1073152K
  class space    used 3293K, capacity 3399K, committed 3504K, reserved 1048576K

Card table byte_map: [0x00000000124a0000,0x0000000012aa0000] byte_map_base: 0x000000000ec95000

Marking Bits: (ParMarkBitMap*) 0x0000000002c1cae0
 Begin Bits: [0x0000000013500000, 0x00000000164a8000)
 End Bits:   [0x00000000164a8000, 0x0000000019450000)

Polling page: 0x0000000000160000

CodeCache: size=245760Kb used=9497Kb max_used=9682Kb free=236262Kb
 bounds [0x00000000030e0000, 0x0000000003a60000, 0x00000000120e0000]
 total_blobs=2898 nmethods=2517 adapters=301
 compilation: enabled

Compilation events (10 events):
Event: 9.702 Thread 0x000000001c896800 2871       3       org.springframework.beans.factory.support.AbstractBeanDefinition::setEnforceInitMethod (6 bytes)
Event: 9.702 Thread 0x000000001c896800 nmethod 2871 0x000000000356a810 code [0x000000000356a960, 0x000000000356aab0]
Event: 9.703 Thread 0x000000001c896800 2872       3       org.springframework.core.type.classreading.MethodMetadataReadingVisitor::getAnnotationAttributes (50 bytes)
Event: 9.703 Thread 0x000000001c896800 nmethod 2872 0x0000000003569910 code [0x0000000003569b00, 0x000000000356a418]
Event: 9.703 Thread 0x000000001c896800 2873       3       org.springframework.beans.factory.support.AbstractBeanDefinition::setAutowireCandidate (6 bytes)
Event: 9.704 Thread 0x000000001c896800 nmethod 2873 0x00000000035695d0 code [0x0000000003569720, 0x0000000003569870]
Event: 9.704 Thread 0x000000001c896800 2874       3       org.springframework.beans.factory.support.AbstractBeanDefinition::setSynthetic (6 bytes)
Event: 9.704 Thread 0x000000001c896800 nmethod 2874 0x0000000003569290 code [0x00000000035693e0, 0x0000000003569530]
Event: 9.704 Thread 0x000000001c896800 2875       3       org.springframework.beans.factory.support.AbstractBeanDefinition::copyQualifiersFrom (20 bytes)
Event: 9.704 Thread 0x000000001c896800 nmethod 2875 0x0000000003568b90 code [0x0000000003568d20, 0x00000000035690b8]

GC Heap History (10 events):
Event: 5.028 GC heap before
{Heap before GC invocations=4 (full 0):
 PSYoungGen      total 57344K, used 56483K [0x0000000780780000, 0x0000000787780000, 0x00000007c0000000)
  eden space 49152K, 100% used [0x0000000780780000,0x0000000783780000,0x0000000783780000)
  from space 8192K, 89% used [0x0000000783780000,0x0000000783ea8e70,0x0000000783f80000)
  to   space 8192K, 0% used [0x0000000786f80000,0x0000000786f80000,0x0000000787780000)
 ParOldGen       total 131072K, used 35K [0x0000000701600000, 0x0000000709600000, 0x0000000780780000)
  object space 131072K, 0% used [0x0000000701600000,0x0000000701608e48,0x0000000709600000)
 Metaspace       used 20362K, capacity 20690K, committed 20992K, reserved 1067008K
  class space    used 2420K, capacity 2503K, committed 2560K, reserved 1048576K
Event: 5.042 GC heap after
Heap after GC invocations=4 (full 0):
 PSYoungGen      total 106496K, used 7473K [0x0000000780780000, 0x0000000787780000, 0x00000007c0000000)
  eden space 98304K, 0% used [0x0000000780780000,0x0000000780780000,0x0000000786780000)
  from space 8192K, 91% used [0x0000000786f80000,0x00000007876cc710,0x0000000787780000)
  to   space 8192K, 0% used [0x0000000786780000,0x0000000786780000,0x0000000786f80000)
 ParOldGen       total 131072K, used 107K [0x0000000701600000, 0x0000000709600000, 0x0000000780780000)
  object space 131072K, 0% used [0x0000000701600000,0x000000070161ae58,0x0000000709600000)
 Metaspace       used 20362K, capacity 20690K, committed 20992K, reserved 1067008K
  class space    used 2420K, capacity 2503K, committed 2560K, reserved 1048576K
}
Event: 5.224 GC heap before
{Heap before GC invocations=5 (full 0):
 PSYoungGen      total 106496K, used 31151K [0x0000000780780000, 0x0000000787780000, 0x00000007c0000000)
  eden space 98304K, 24% used [0x0000000780780000,0x0000000781e9f7b0,0x0000000786780000)
  from space 8192K, 91% used [0x0000000786f80000,0x00000007876cc710,0x0000000787780000)
  to   space 8192K, 0% used [0x0000000786780000,0x0000000786780000,0x0000000786f80000)
 ParOldGen       total 131072K, used 107K [0x0000000701600000, 0x0000000709600000, 0x0000000780780000)
  object space 131072K, 0% used [0x0000000701600000,0x000000070161ae58,0x0000000709600000)
 Metaspace       used 20899K, capacity 21138K, committed 21296K, reserved 1069056K
  class space    used 2485K, capacity 2567K, committed 2608K, reserved 1048576K
Event: 5.264 GC heap after
Heap after GC invocations=5 (full 0):
 PSYoungGen      total 106496K, used 6146K [0x0000000780780000, 0x000000078d880000, 0x00000007c0000000)
  eden space 98304K, 0% used [0x0000000780780000,0x0000000780780000,0x0000000786780000)
  from space 8192K, 75% used [0x0000000786780000,0x0000000786d80988,0x0000000786f80000)
  to   space 8704K, 0% used [0x000000078d000000,0x000000078d000000,0x000000078d880000)
 ParOldGen       total 131072K, used 107K [0x0000000701600000, 0x0000000709600000, 0x0000000780780000)
  object space 131072K, 0% used [0x0000000701600000,0x000000070161ae58,0x0000000709600000)
 Metaspace       used 20899K, capacity 21138K, committed 21296K, reserved 1069056K
  class space    used 2485K, capacity 2567K, committed 2608K, reserved 1048576K
}
Event: 5.264 GC heap before
{Heap before GC invocations=6 (full 1):
 PSYoungGen      total 106496K, used 6146K [0x0000000780780000, 0x000000078d880000, 0x00000007c0000000)
  eden space 98304K, 0% used [0x0000000780780000,0x0000000780780000,0x0000000786780000)
  from space 8192K, 75% used [0x0000000786780000,0x0000000786d80988,0x0000000786f80000)
  to   space 8704K, 0% used [0x000000078d000000,0x000000078d000000,0x000000078d880000)
 ParOldGen       total 131072K, used 107K [0x0000000701600000, 0x0000000709600000, 0x0000000780780000)
  object space 131072K, 0% used [0x0000000701600000,0x000000070161ae58,0x0000000709600000)
 Metaspace       used 20899K, capacity 21138K, committed 21296K, reserved 1069056K
  class space    used 2485K, capacity 2567K, committed 2608K, reserved 1048576K
Event: 5.323 GC heap after
Heap after GC invocations=6 (full 1):
 PSYoungGen      total 106496K, used 0K [0x0000000780780000, 0x000000078d880000, 0x00000007c0000000)
  eden space 98304K, 0% used [0x0000000780780000,0x0000000780780000,0x0000000786780000)
  from space 8192K, 0% used [0x0000000786780000,0x0000000786780000,0x0000000786f80000)
  to   space 8704K, 0% used [0x000000078d000000,0x000000078d000000,0x000000078d880000)
 ParOldGen       total 64000K, used 6131K [0x0000000701600000, 0x0000000705480000, 0x0000000780780000)
  object space 64000K, 9% used [0x0000000701600000,0x0000000701bfcfc8,0x0000000705480000)
 Metaspace       used 20899K, capacity 21138K, committed 21296K, reserved 1069056K
  class space    used 2485K, capacity 2567K, committed 2608K, reserved 1048576K
}
Event: 8.278 GC heap before
{Heap before GC invocations=7 (full 1):
 PSYoungGen      total 106496K, used 98304K [0x0000000780780000, 0x000000078d880000, 0x00000007c0000000)
  eden space 98304K, 100% used [0x0000000780780000,0x0000000786780000,0x0000000786780000)
  from space 8192K, 0% used [0x0000000786780000,0x0000000786780000,0x0000000786f80000)
  to   space 8704K, 0% used [0x000000078d000000,0x000000078d000000,0x000000078d880000)
 ParOldGen       total 64000K, used 6131K [0x0000000701600000, 0x0000000705480000, 0x0000000780780000)
  object space 64000K, 9% used [0x0000000701600000,0x0000000701bfcfc8,0x0000000705480000)
 Metaspace       used 24666K, capacity 25008K, committed 25264K, reserved 1071104K
  class space    used 3020K, capacity 3123K, committed 3248K, reserved 1048576K
Event: 8.300 GC heap after
Heap after GC invocations=7 (full 1):
 PSYoungGen      total 183296K, used 5627K [0x0000000780780000, 0x000000078d580000, 0x00000007c0000000)
  eden space 177664K, 0% used [0x0000000780780000,0x0000000780780000,0x000000078b500000)
  from space 5632K, 99% used [0x000000078d000000,0x000000078d57ee18,0x000000078d580000)
  to   space 8704K, 0% used [0x000000078c480000,0x000000078c480000,0x000000078cd00000)
 ParOldGen       total 64000K, used 6131K [0x0000000701600000, 0x0000000705480000, 0x0000000780780000)
  object space 64000K, 9% used [0x0000000701600000,0x0000000701bfcfc8,0x0000000705480000)
 Metaspace       used 24666K, capacity 25008K, committed 25264K, reserved 1071104K
  class space    used 3020K, capacity 3123K, committed 3248K, reserved 1048576K
}
Event: 9.389 GC heap before
{Heap before GC invocations=8 (full 1):
 PSYoungGen      total 183296K, used 183291K [0x0000000780780000, 0x000000078d580000, 0x00000007c0000000)
  eden space 177664K, 100% used [0x0000000780780000,0x000000078b500000,0x000000078b500000)
  from space 5632K, 99% used [0x000000078d000000,0x000000078d57ee18,0x000000078d580000)
  to   space 8704K, 0% used [0x000000078c480000,0x000000078c480000,0x000000078cd00000)
 ParOldGen       total 64000K, used 6131K [0x0000000701600000, 0x0000000705480000, 0x0000000780780000)
  object space 64000K, 9% used [0x0000000701600000,0x0000000701bfcfc8,0x0000000705480000)
 Metaspace       used 26123K, capacity 26502K, committed 26928K, reserved 1073152K
  class space    used 3177K, capacity 3292K, committed 3376K, reserved 1048576K
Event: 9.400 GC heap after
Heap after GC invocations=8 (full 1):
 PSYoungGen      total 202240K, used 5915K [0x0000000780780000, 0x0000000794c00000, 0x00000007c0000000)
  eden space 193536K, 0% used [0x0000000780780000,0x0000000780780000,0x000000078c480000)
  from space 8704K, 67% used [0x000000078c480000,0x000000078ca46da0,0x000000078cd00000)
  to   space 8704K, 0% used [0x0000000794380000,0x0000000794380000,0x0000000794c00000)
 ParOldGen       total 64000K, used 6131K [0x0000000701600000, 0x0000000705480000, 0x0000000780780000)
  object space 64000K, 9% used [0x0000000701600000,0x0000000701bfcfc8,0x0000000705480000)
 Metaspace       used 26123K, capacity 26502K, committed 26928K, reserved 1073152K
  class space    used 3177K, capacity 3292K, committed 3376K, reserved 1048576K
}

Deoptimization events (10 events):
Event: 6.654 Thread 0x000000001df25000 Uncommon trap: reason=bimorphic action=maybe_recompile pc=0x0000000003940af8 method=java.util.regex.Pattern$CharProperty$1.isSatisfiedBy(I)Z @ 5
Event: 6.654 Thread 0x000000001df25000 Uncommon trap: reason=bimorphic action=maybe_recompile pc=0x0000000003940af8 method=java.util.regex.Pattern$CharProperty$1.isSatisfiedBy(I)Z @ 5
Event: 6.654 Thread 0x000000001df25000 Uncommon trap: reason=bimorphic action=maybe_recompile pc=0x0000000003902084 method=java.util.regex.Pattern$BmpCharProperty.match(Ljava/util/regex/Matcher;ILjava/lang/CharSequence;)Z @ 31
Event: 6.654 Thread 0x000000001df25000 Uncommon trap: reason=bimorphic action=maybe_recompile pc=0x0000000003940af8 method=java.util.regex.Pattern$CharProperty$1.isSatisfiedBy(I)Z @ 5
Event: 6.654 Thread 0x000000001df25000 Uncommon trap: reason=bimorphic action=maybe_recompile pc=0x0000000003902084 method=java.util.regex.Pattern$BmpCharProperty.match(Ljava/util/regex/Matcher;ILjava/lang/CharSequence;)Z @ 31
Event: 6.654 Thread 0x000000001df25000 Uncommon trap: reason=bimorphic action=maybe_recompile pc=0x0000000003902084 method=java.util.regex.Pattern$BmpCharProperty.match(Ljava/util/regex/Matcher;ILjava/lang/CharSequence;)Z @ 31
Event: 6.654 Thread 0x000000001df25000 Uncommon trap: reason=bimorphic action=maybe_recompile pc=0x0000000003902084 method=java.util.regex.Pattern$BmpCharProperty.match(Ljava/util/regex/Matcher;ILjava/lang/CharSequence;)Z @ 31
Event: 6.669 Thread 0x000000001df25000 Uncommon trap: reason=unstable_if action=reinterpret pc=0x00000000033abab8 method=java.net.URI.match(CJJ)Z @ 45
Event: 7.891 Thread 0x000000001df25000 Uncommon trap: reason=bimorphic action=maybe_recompile pc=0x00000000038406e8 method=java.util.HashMap.putVal(ILjava/lang/Object;Ljava/lang/Object;ZZ)Ljava/lang/Object; @ 253
Event: 7.902 Thread 0x000000001df25000 Uncommon trap: reason=unstable_if action=reinterpret pc=0x0000000003576904 method=java.io.WinNTFileSystem.normalize(Ljava/lang/String;)Ljava/lang/String; @ 128

Classes redefined (0 events):
No events

Internal exceptions (10 events):
Event: 5.629 Thread 0x000000001df25000 Exception <a 'java/lang/ClassNotFoundException': java/lang/ObjectCustomizer> (0x000000078241afe0) thrown at [C:\re\workspace\8-2-build-windows-amd64-cygwin\jdk8u172\10435.nc\hotspot\src\share\vm\classfile\systemDictionary.cpp, line 210]
Event: 5.630 Thread 0x000000001df25000 Exception <a 'java/lang/ClassNotFoundException': org/springframework/boot/autoconfigure/context/PropertyPlaceholderAutoConfigurationCustomizer> (0x00000007824586f8) thrown at [C:\re\workspace\8-2-build-windows-amd64-cygwin\jdk8u172\10435.nc\hotspot\src\sh
Event: 5.630 Thread 0x000000001df25000 Exception <a 'java/lang/ClassNotFoundException': org/springframework/boot/autoconfigure/context/PropertyPlaceholderAutoConfiguration$$EnhancerBySpringCGLIB$$469fe4c8Customizer> (0x00000007824a2f38) thrown at [C:\re\workspace\8-2-build-windows-amd64-cygwin
Event: 5.632 Thread 0x000000001df25000 Exception <a 'java/lang/ClassNotFoundException': org/springframework/context/annotation/ConfigurationClassEnhancer$EnhancedConfigurationCustomizer> (0x00000007824e4268) thrown at [C:\re\workspace\8-2-build-windows-amd64-cygwin\jdk8u172\10435.nc\hotspot\sr
Event: 6.554 Thread 0x000000001df25000 Implicit null exception at 0x0000000003511e4b to 0x0000000003511f85
Event: 6.558 Thread 0x000000001df25000 Implicit null exception at 0x00000000034f84d4 to 0x00000000034f877d
Event: 7.813 Thread 0x000000001df25000 Exception <a 'java/net/ConnectException': Connection refused: connect> (0x00000007847fe7e0) thrown at [C:\re\workspace\8-2-build-windows-amd64-cygwin\jdk8u172\10435.nc\hotspot\src\share\vm\prims\jni.cpp, line 735]
Event: 8.583 Thread 0x000000001df25000 Exception <a 'java/lang/ClassNotFoundException': java/lang/ObjectCustomizer> (0x0000000783479ed8) thrown at [C:\re\workspace\8-2-build-windows-amd64-cygwin\jdk8u172\10435.nc\hotspot\src\share\vm\classfile\systemDictionary.cpp, line 210]
Event: 8.584 Thread 0x000000001df25000 Exception <a 'java/lang/ClassNotFoundException': org/springframework/boot/autoconfigure/template/PathBasedTemplateAvailabilityProvider$TemplateAvailabilityPropertiesCustomizer> (0x00000007834c70c0) thrown at [C:\re\workspace\8-2-build-windows-amd64-cygwin
Event: 8.586 Thread 0x000000001df25000 Exception <a 'java/lang/ClassNotFoundException': org/springframework/boot/autoconfigure/freemarker/FreeMarkerTemplateAvailabilityProvider$FreeMarkerTemplateAvailabilityPropertiesCustomizer> (0x000000078351fc50) thrown at [C:\re\workspace\8-2-build-windows

Events (10 events):
Event: 9.703 Thread 0x000000001df25000 DEOPT PACKING pc=0x00000000039da7cc sp=0x000000001f5ee100
Event: 9.703 Thread 0x000000001df25000 DEOPT UNPACKING pc=0x0000000003127890 sp=0x000000001f5ede50 mode 1
Event: 9.703 Thread 0x000000001df25000 DEOPT PACKING pc=0x00000000039897fc sp=0x000000001f5ee180
Event: 9.703 Thread 0x000000001df25000 DEOPT UNPACKING pc=0x0000000003127890 sp=0x000000001f5edf48 mode 1
Event: 9.704 Thread 0x000000001df25000 DEOPT PACKING pc=0x00000000039da7cc sp=0x000000001f5edb20
Event: 9.704 Thread 0x000000001df25000 DEOPT UNPACKING pc=0x0000000003127890 sp=0x000000001f5ed870 mode 1
Event: 9.704 Thread 0x000000001df25000 DEOPT PACKING pc=0x00000000039897fc sp=0x000000001f5edba0
Event: 9.704 Thread 0x000000001df25000 DEOPT UNPACKING pc=0x0000000003127890 sp=0x000000001f5ed968 mode 1
Event: 9.704 loading class org/springframework/boot/autoconfigure/web/WebClientAutoConfiguration
Event: 9.704 loading class org/springframework/boot/autoconfigure/web/WebClientAutoConfiguration done


Dynamic libraries:
0x000000013f940000 - 0x000000013f977000 	C:\Program Files\Java\jdk1.8.0_172\bin\java.exe
0x0000000077490000 - 0x000000007763a000 	C:\Windows\SYSTEM32\ntdll.dll
0x0000000077210000 - 0x000000007732f000 	C:\Windows\system32\kernel32.dll
0x000007fefdc40000 - 0x000007fefdcaa000 	C:\Windows\system32\KERNELBASE.dll
0x000007fefdf80000 - 0x000007fefe05b000 	C:\Windows\system32\ADVAPI32.dll
0x000007fefdcd0000 - 0x000007fefdd6f000 	C:\Windows\system32\msvcrt.dll
0x000007fefe230000 - 0x000007fefe24f000 	C:\Windows\SYSTEM32\sechost.dll
0x000007fefe100000 - 0x000007fefe22d000 	C:\Windows\system32\RPCRT4.dll
0x0000000076fb0000 - 0x00000000770aa000 	C:\Windows\system32\USER32.dll
0x000007fefe260000 - 0x000007fefe2c7000 	C:\Windows\system32\GDI32.dll
0x000007fefdf70000 - 0x000007fefdf7e000 	C:\Windows\system32\LPK.dll
0x000007fefe790000 - 0x000007fefe85b000 	C:\Windows\system32\USP10.dll
0x000007fefb8a0000 - 0x000007fefba94000 	C:\Windows\WinSxS\amd64_microsoft.windows.common-controls_6595b64144ccf1df_6.0.7601.18837_none_fa3b1e3d17594757\COMCTL32.dll
0x000007feff700000 - 0x000007feff771000 	C:\Windows\system32\SHLWAPI.dll
0x000007fefe940000 - 0x000007fefe96e000 	C:\Windows\system32\IMM32.DLL
0x000007fefe3c0000 - 0x000007fefe4c9000 	C:\Windows\system32\MSCTF.dll
0x000007fefd8c0000 - 0x000007fefd8f2000 	C:\Windows\system32\nvinitx.dll
0x000007fefd8b0000 - 0x000007fefd8bc000 	C:\Windows\system32\VERSION.dll
0x0000000074cd0000 - 0x0000000074cd6000 	C:\Program Files\NVIDIA Corporation\CoProcManager\detoured.dll
0x000007fefb590000 - 0x000007fefb5c8000 	C:\Program Files\NVIDIA Corporation\CoProcManager\nvd3d9wrapx.dll
0x000007fefe530000 - 0x000007fefe707000 	C:\Windows\system32\SETUPAPI.dll
0x000007fefdc00000 - 0x000007fefdc36000 	C:\Windows\system32\CFGMGR32.dll
0x000007fefe860000 - 0x000007fefe93a000 	C:\Windows\system32\OLEAUT32.dll
0x000007fefdd70000 - 0x000007fefdf6c000 	C:\Windows\system32\ole32.dll
0x000007fefdcb0000 - 0x000007fefdcca000 	C:\Windows\system32\DEVOBJ.dll
0x000007fefb560000 - 0x000007fefb584000 	C:\Program Files\NVIDIA Corporation\CoProcManager\nvdxgiwrapx.dll
0x0000000070540000 - 0x0000000070612000 	C:\Program Files\Java\jdk1.8.0_172\jre\bin\msvcr100.dll
0x0000000002400000 - 0x0000000002c9c000 	C:\Program Files\Java\jdk1.8.0_172\jre\bin\server\jvm.dll
0x000007fefc490000 - 0x000007fefc499000 	C:\Windows\system32\WSOCK32.dll
0x000007fefe370000 - 0x000007fefe3bd000 	C:\Windows\system32\WS2_32.dll
0x000007fefe250000 - 0x000007fefe258000 	C:\Windows\system32\NSI.dll
0x000007fefc1b0000 - 0x000007fefc1eb000 	C:\Windows\system32\WINMM.dll
0x0000000077660000 - 0x0000000077667000 	C:\Windows\system32\PSAPI.DLL
0x0000000070530000 - 0x000000007053f000 	C:\Program Files\Java\jdk1.8.0_172\jre\bin\verify.dll
0x0000000070500000 - 0x0000000070529000 	C:\Program Files\Java\jdk1.8.0_172\jre\bin\java.dll
0x00000000704a0000 - 0x00000000704d5000 	C:\Program Files\Java\jdk1.8.0_172\jre\bin\jdwp.dll
0x0000000070490000 - 0x0000000070498000 	C:\Program Files\Java\jdk1.8.0_172\jre\bin\npt.dll
0x0000000070170000 - 0x0000000070193000 	C:\Program Files\Java\jdk1.8.0_172\jre\bin\instrument.dll
0x00000000704e0000 - 0x00000000704f6000 	C:\Program Files\Java\jdk1.8.0_172\jre\bin\zip.dll
0x000007fefe970000 - 0x000007feff6fa000 	C:\Windows\system32\SHELL32.dll
0x000007fefd900000 - 0x000007fefd90f000 	C:\Windows\system32\profapi.dll
0x0000000070160000 - 0x0000000070169000 	C:\Program Files\Java\jdk1.8.0_172\jre\bin\dt_socket.dll
0x000007fefd110000 - 0x000007fefd165000 	C:\Windows\system32\mswsock.dll
0x000007fefcab0000 - 0x000007fefcab7000 	C:\Windows\System32\wshtcpip.dll
0x000000006f360000 - 0x000000006f37a000 	C:\Program Files\Java\jdk1.8.0_172\jre\bin\net.dll
0x000007fefd100000 - 0x000007fefd107000 	C:\Windows\System32\wship6.dll
0x000007fefc0c0000 - 0x000007fefc0e7000 	C:\Windows\system32\IPHLPAPI.DLL
0x000007fefc0b0000 - 0x000007fefc0bb000 	C:\Windows\system32\WINNSI.DLL
0x000007fefbeb0000 - 0x000007fefbec8000 	C:\Windows\system32\dhcpcsvc.DLL
0x000007fefbe90000 - 0x000007fefbea1000 	C:\Windows\system32\dhcpcsvc6.DLL
0x000007fefcf90000 - 0x000007fefcfeb000 	C:\Windows\system32\DNSAPI.dll
0x000007fef8740000 - 0x000007fef8748000 	C:\Windows\system32\rasadhlp.dll
0x000007fefbee0000 - 0x000007fefbf33000 	C:\Windows\System32\fwpuclnt.dll
0x000000006f330000 - 0x000000006f33d000 	C:\Program Files\Java\jdk1.8.0_172\jre\bin\management.dll
0x000007fefc220000 - 0x000007fefc235000 	C:\Windows\system32\NLAapi.dll
0x000007fefa0f0000 - 0x000007fefa105000 	C:\Windows\system32\napinsp.dll
0x000007fefa0d0000 - 0x000007fefa0e9000 	C:\Windows\system32\pnrpnsp.dll
0x000007fefa0c0000 - 0x000007fefa0cb000 	C:\Windows\System32\winrnr.dll
0x000007fefa0b0000 - 0x000007fefa0c0000 	C:\Windows\system32\wshbth.dll
0x000000006f340000 - 0x000000006f351000 	C:\Program Files\Java\jdk1.8.0_172\jre\bin\nio.dll

VM Arguments:
jvm_args: -agentlib:jdwp=transport=dt_socket,address=127.0.0.1:65465,suspend=y,server=n -javaagent:C:\Users\Administrator\AppData\Local\JetBrains\IdeaIC2020.2\captureAgent\debugger-agent.jar -Dfile.encoding=UTF-8 
java_command: com.kingchen.springcloud.DeptConsumer80_App
java_class_path (initial): C:\Program Files\Java\jdk1.8.0_172\jre\lib\charsets.jar;C:\Program Files\Java\jdk1.8.0_172\jre\lib\deploy.jar;C:\Program Files\Java\jdk1.8.0_172\jre\lib\ext\access-bridge-64.jar;C:\Program Files\Java\jdk1.8.0_172\jre\lib\ext\cldrdata.jar;C:\Program Files\Java\jdk1.8.0_172\jre\lib\ext\dnsns.jar;C:\Program Files\Java\jdk1.8.0_172\jre\lib\ext\jaccess.jar;C:\Program Files\Java\jdk1.8.0_172\jre\lib\ext\jfxrt.jar;C:\Program Files\Java\jdk1.8.0_172\jre\lib\ext\localedata.jar;C:\Program Files\Java\jdk1.8.0_172\jre\lib\ext\nashorn.jar;C:\Program Files\Java\jdk1.8.0_172\jre\lib\ext\sunec.jar;C:\Program Files\Java\jdk1.8.0_172\jre\lib\ext\sunjce_provider.jar;C:\Program Files\Java\jdk1.8.0_172\jre\lib\ext\sunmscapi.jar;C:\Program Files\Java\jdk1.8.0_172\jre\lib\ext\sunpkcs11.jar;C:\Program Files\Java\jdk1.8.0_172\jre\lib\ext\zipfs.jar;C:\Program Files\Java\jdk1.8.0_172\jre\lib\javaws.jar;C:\Program Files\Java\jdk1.8.0_172\jre\lib\jce.jar;C:\Program Files\Java\jdk1.8.0_172\jre\lib\jfxswt.jar;C:\Program Files\Java\jdk1.8.0_172\jre\lib\jsse.jar;C:\Program Files\Java\jdk1.8.0_172\jre\lib\management-agent.jar;C:\Program Files\Java\jdk1.8.0_172\jre\lib\plugin.jar;C:\Program Files\Java\jdk1.8.0_172\jre\lib\resources.jar;C:\Program Files\Java\jdk1.8.0_172\jre\lib\rt.jar;D:\King-chen-springCloud-study\microServiceSpringCloud\microservicespringcloud-consumer-dept-80\target\classes;D:\King-chen-springCloud-study\microServiceSpringCloud\microservicespringcloud-api\target\classes;D:\mavenRepository\mysql\mysql-connector-java\5.1.46\mysql-connector-java-5.1.46.jar;D:\mavenRepository\org\projectlombok\lombok\1.16.18\lombok-1.16.18.jar;D:\mavenRepository\org\springframework\cloud\spring-cloud-starter-feign\1.3.1.RELEASE\spring-cloud-starter-feign-1.3.1.RELEASE.jar;D:\mavenRepository\org\springframework\cloud\spring-cloud-commons\1.2.2.RELEASE\spring-cloud-commons-1.2.2.RELEASE.jar;D:\mavenRepository\org\springframework\security\spring-security-crypto\4.2.3.RELEASE\
Launcher Type: SUN_STANDARD

Environment Variables:
JAVA_HOME=C:\Program Files\Java\jdk1.8.0_172
CLASSPATH=.;C:\Program Files\Java\jdk1.8.0_172\lib\tools.jar;C:\Program Files\Java\jdk1.8.0_172\lib\dt.jar;C:\Program Files\Java\jdk1.8.0_172\bin;
PATH=F:\软件开发技术学习\大数据\4 工具包\python;F:\软件开发技术学习\大;据\4 工具包\Xshell\Xshell_install\;D:\;pp\Administrator\product\11.2.0\dbhome_1\bin;D:\Oracle\product\11.2.0\client_2\bin;D:\Oracle\product\11.2.0\client_1\bin;D:\Oracle\product\11.2.0\dbhome_1\bin;C:\Windows\system32;C:\Windows;C:\Windows\system32\WBEM;D:\apache-maven-3.6.3\bin;C:\Program Files\Java\jdk1.8.0_172\bin;C:\Program Files\Java\jdk1.8.0_172\jre\bin;C:\ProgramData\Oracle\Java\javapath;D:\apache-maven-3.6.3\bin;\D:\Program Files (x86)\Java\android-sdk-windows\tools;C:\Program Files\Java\jdk1.8.0_172\bin;C:\Program Files\Java\jdk1.8.0_172\jre\bin;C:\Windows\system32;C:\Windows;C:\Windows\System32\Wbem;C:\Windows\System32\WindowsPowerShell\v1.0\;D:\PROGRA~1\ATT\Graphviz\bin;D:\PROGRA~1\ATT\Graphviz\bin\tools;C:\emotenet\cygwin\bin;C:\Program Files\TortoiseSVN\bin;F:\后端学习\Eclipse_知领互联\redis(1)\redis6379;F:\后端学习;Eclipse_知领互联\apache-cxf-3.0.16\bin;F:\;端学习\Python\Scripts\;F:;后端学习\Python\pip.exe;F:\;件开发技术学习\大数据\4 工具包\python\Scripts;F:\软件开发技术学习\;数据\4 工具包\python\Scripts\pip.exe;;D:\项目期间学习视频\git\Git\cmd;C:\Program Files\TortoiseGit\bin;D:\apache-maven-3.6.3\bin;C:\Users\Administrator\anaconda3;C:\Users\Administrator\anaconda3\Library\mingw-w64\bin;C:\Users\Administrator\anaconda3\Library\usr\bin;C:\Users\Administrator\anaconda3\Library\bin;C:\Users\Administrator\anaconda3\Scripts;F:\后端学习\Python\Scripts\;F:\后端学习\Python\pip.exe;F:\后端学习\Python\;C:\Users\Administrator\AppData\Local\GitHubDesktop\bin;C:\Users\Administrator\AppData\Local\BypassRuntm
USERNAME=Administrator
OS=Windows_NT
PROCESSOR_IDENTIFIER=Intel64 Family 6 Model 61 Stepping 4, GenuineIntel



---------------  S Y S T E M  ---------------

OS: Windows 7 , 64 bit Build 7601 (6.1.7601.23915)

CPU:total 4 (initial active 4) (2 cores per cpu, 2 threads per core) family 6 model 61 stepping 4, cmov, cx8, fxsr, mmx, sse, sse2, sse3, ssse3, sse4.1, sse4.2, popcnt, avx, avx2, aes, clmul, erms, 3dnowpref, lzcnt, ht, tsc, tscinvbit, bmi1, bmi2, adx

Memory: 4k page, physical 12491280k(1724544k free), swap 18121420k(6888k free)

vm_info: Java HotSpot(TM) 64-Bit Server VM (25.172-b03) for windows-amd64 JRE (1.8.0_172-ea-b03), built on Jan 18 2018 07:33:36 by "java_re" with MS VC++ 10.0 (VS2010)

time: Tue Aug 31 16:24:03 2021
elapsed time: 9 seconds (0d 0h 0m 9s)

