2021-09-18 22:20:36.822  INFO 11372 --- [restartedMain] c.c.c.ConfigServicePropertySourceLocator : Fetching config from server at: http://localhost:8888
2021-09-18 22:20:37.827  WARN 11372 --- [restartedMain] c.c.c.ConfigServicePropertySourceLocator : Could not locate PropertySource: I/O error on GET request for "http://localhost:8888/microservicespringcloud-dept/default": Connection refused: connect; nested exception is java.net.ConnectException: Connection refused: connect
2021-09-18 22:20:37.827  INFO 11372 --- [restartedMain] c.k.springcloud.DeptProvider8001_App     : No active profile set, falling back to default profiles: default
2021-09-18 22:20:37.830  INFO 11372 --- [restartedMain] ationConfigEmbeddedWebApplicationContext : Refreshing org.springframework.boot.context.embedded.AnnotationConfigEmbeddedWebApplicationContext@431c48e4: startup date [Sat Sep 18 22:20:37 CST 2021]; parent: org.springframework.context.annotation.AnnotationConfigApplicationContext@3232a361
2021-09-18 22:20:39.409  INFO 11372 --- [restartedMain] o.s.cloud.context.scope.GenericScope     : BeanFactory id=bedea54f-402f-37a3-bc47-9c9d891b0a25
2021-09-18 22:20:39.427  INFO 11372 --- [restartedMain] f.a.AutowiredAnnotationBeanPostProcessor : JSR-330 'javax.inject.Inject' annotation found and supported for autowiring
2021-09-18 22:20:39.452  INFO 11372 --- [restartedMain] trationDelegate$BeanPostProcessorChecker : Bean 'org.springframework.transaction.annotation.ProxyTransactionManagementConfiguration' of type [org.springframework.transaction.annotation.ProxyTransactionManagementConfiguration$$EnhancerBySpringCGLIB$$810b73db] is not eligible for getting processed by all BeanPostProcessors (for example: not eligible for auto-proxying)
2021-09-18 22:20:39.455  INFO 11372 --- [restartedMain] trationDelegate$BeanPostProcessorChecker : Bean 'org.springframework.cloud.netflix.metrics.MetricsInterceptorConfiguration$MetricsRestTemplateConfiguration' of type [org.springframework.cloud.netflix.metrics.MetricsInterceptorConfiguration$MetricsRestTemplateConfiguration$$EnhancerBySpringCGLIB$$b3381a1c] is not eligible for getting processed by all BeanPostProcessors (for example: not eligible for auto-proxying)
2021-09-18 22:20:39.456  INFO 11372 --- [restartedMain] trationDelegate$BeanPostProcessorChecker : Bean 'org.springframework.cloud.autoconfigure.ConfigurationPropertiesRebinderAutoConfiguration' of type [org.springframework.cloud.autoconfigure.ConfigurationPropertiesRebinderAutoConfiguration$$EnhancerBySpringCGLIB$$9d2576d8] is not eligible for getting processed by all BeanPostProcessors (for example: not eligible for auto-proxying)
2021-09-18 22:20:39.616  INFO 11372 --- [restartedMain] e.j.JettyEmbeddedServletContainerFactory : Server initialized with port: 8001
2021-09-18 22:20:39.616  INFO 11372 --- [restartedMain] org.eclipse.jetty.server.Server          : jetty-9.4.7.v20170914
2021-09-18 22:20:39.623  INFO 11372 --- [restartedMain] org.eclipse.jetty.server.session         : DefaultSessionIdManager workerName=node0
2021-09-18 22:20:39.624  INFO 11372 --- [restartedMain] org.eclipse.jetty.server.session         : No SessionScavenger set, using defaults
2021-09-18 22:20:39.624  INFO 11372 --- [restartedMain] org.eclipse.jetty.server.session         : Scavenging every 660000ms
2021-09-18 22:20:39.624  INFO 11372 --- [restartedMain] o.e.j.s.h.ContextHandler.application     : Initializing Spring embedded WebApplicationContext
2021-09-18 22:20:39.624  INFO 11372 --- [restartedMain] o.s.web.context.ContextLoader            : Root WebApplicationContext: initialization completed in 1794 ms
2021-09-18 22:20:39.713  INFO 11372 --- [restartedMain] o.s.b.w.servlet.ServletRegistrationBean  : Mapping servlet: 'dispatcherServlet' to [/]
2021-09-18 22:20:39.713  INFO 11372 --- [restartedMain] o.s.b.w.servlet.FilterRegistrationBean   : Mapping filter: 'metricsFilter' to: [/*]
2021-09-18 22:20:39.713  INFO 11372 --- [restartedMain] o.s.b.w.servlet.FilterRegistrationBean   : Mapping filter: 'characterEncodingFilter' to: [/*]
2021-09-18 22:20:39.713  INFO 11372 --- [restartedMain] o.s.b.w.servlet.FilterRegistrationBean   : Mapping filter: 'hiddenHttpMethodFilter' to: [/*]
2021-09-18 22:20:39.713  INFO 11372 --- [restartedMain] o.s.b.w.servlet.FilterRegistrationBean   : Mapping filter: 'httpPutFormContentFilter' to: [/*]
2021-09-18 22:20:39.713  INFO 11372 --- [restartedMain] o.s.b.w.servlet.FilterRegistrationBean   : Mapping filter: 'requestContextFilter' to: [/*]
2021-09-18 22:20:39.714  INFO 11372 --- [restartedMain] o.s.b.w.servlet.FilterRegistrationBean   : Mapping filter: 'webRequestLoggingFilter' to: [/*]
2021-09-18 22:20:39.714  INFO 11372 --- [restartedMain] o.s.b.w.servlet.FilterRegistrationBean   : Mapping filter: 'applicationContextIdFilter' to: [/*]
2021-09-18 22:20:39.714  INFO 11372 --- [restartedMain] o.e.jetty.server.handler.ContextHandler  : Started o.s.b.c.e.j.JettyEmbeddedWebAppContext@731f6131{/,[file:///C:/Users/Administrator/AppData/Local/Temp/jetty-docbase.3411120074837351659.8001/, jar:file:/D:/mavenRepository/io/springfox/springfox-swagger-ui/2.8.0/springfox-swagger-ui-2.8.0.jar!/META-INF/resources],AVAILABLE}
2021-09-18 22:20:39.715  INFO 11372 --- [restartedMain] org.eclipse.jetty.server.Server          : Started @1509434ms
2021-09-18 22:20:39.848 ERROR 11372 --- [restartedMain] com.alibaba.druid.pool.DruidDataSource   : testWhileIdle is true, validationQuery not set
2021-09-18 22:20:39.850  INFO 11372 --- [restartedMain] com.alibaba.druid.pool.DruidDataSource   : {dataSource-6} inited
2021-09-18 22:20:40.654  INFO 11372 --- [restartedMain] s.w.s.m.m.a.RequestMappingHandlerMapping : Mapped "{[/dept/add],methods=[POST]}" onto public boolean com.kingchen.springcloud.controller.DeptController.add(com.kingchen.springcloud.entities.DeptDTO)
2021-09-18 22:20:40.655  INFO 11372 --- [restartedMain] s.w.s.m.m.a.RequestMappingHandlerMapping : Mapped "{[/dept/get/{id}],methods=[GET]}" onto public com.kingchen.springcloud.entities.DeptDTO com.kingchen.springcloud.controller.DeptController.get(java.lang.Long)
2021-09-18 22:20:40.655  INFO 11372 --- [restartedMain] s.w.s.m.m.a.RequestMappingHandlerMapping : Mapped "{[/dept/list],methods=[GET]}" onto public java.util.List<com.kingchen.springcloud.entities.DeptDTO> com.kingchen.springcloud.controller.DeptController.list()
2021-09-18 22:20:40.655  INFO 11372 --- [restartedMain] s.w.s.m.m.a.RequestMappingHandlerMapping : Mapped "{[/dept/discovery],methods=[GET]}" onto public java.lang.Object com.kingchen.springcloud.controller.DeptController.discovery()
2021-09-18 22:20:40.655  INFO 11372 --- [restartedMain] s.w.s.m.m.a.RequestMappingHandlerMapping : Mapped "{[/test],methods=[GET]}" onto public java.lang.String com.kingchen.springcloud.controller.DeptController.performanceTest(java.lang.String)
2021-09-18 22:20:40.657  INFO 11372 --- [restartedMain] s.w.s.m.m.a.RequestMappingHandlerMapping : Mapped "{[/swagger-resources]}" onto public org.springframework.http.ResponseEntity<java.util.List<springfox.documentation.swagger.web.SwaggerResource>> springfox.documentation.swagger.web.ApiResourceController.swaggerResources()
2021-09-18 22:20:40.657  INFO 11372 --- [restartedMain] s.w.s.m.m.a.RequestMappingHandlerMapping : Mapped "{[/swagger-resources/configuration/ui]}" onto public org.springframework.http.ResponseEntity<springfox.documentation.swagger.web.UiConfiguration> springfox.documentation.swagger.web.ApiResourceController.uiConfiguration()
2021-09-18 22:20:40.657  INFO 11372 --- [restartedMain] s.w.s.m.m.a.RequestMappingHandlerMapping : Mapped "{[/swagger-resources/configuration/security]}" onto public org.springframework.http.ResponseEntity<springfox.documentation.swagger.web.SecurityConfiguration> springfox.documentation.swagger.web.ApiResourceController.securityConfiguration()
2021-09-18 22:20:40.658  INFO 11372 --- [restartedMain] s.w.s.m.m.a.RequestMappingHandlerMapping : Mapped "{[/error]}" onto public org.springframework.http.ResponseEntity<java.util.Map<java.lang.String, java.lang.Object>> org.springframework.boot.autoconfigure.web.BasicErrorController.error(javax.servlet.http.HttpServletRequest)
2021-09-18 22:20:40.659  INFO 11372 --- [restartedMain] s.w.s.m.m.a.RequestMappingHandlerMapping : Mapped "{[/error],produces=[text/html]}" onto public org.springframework.web.servlet.ModelAndView org.springframework.boot.autoconfigure.web.BasicErrorController.errorHtml(javax.servlet.http.HttpServletRequest,javax.servlet.http.HttpServletResponse)
2021-09-18 22:20:40.928  INFO 11372 --- [restartedMain] o.s.b.a.e.mvc.EndpointHandlerMapping     : Mapped "{[/refresh || /refresh.json],methods=[POST]}" onto public java.lang.Object org.springframework.cloud.endpoint.GenericPostableMvcEndpoint.invoke()
2021-09-18 22:20:40.929  INFO 11372 --- [restartedMain] o.s.b.a.e.mvc.EndpointHandlerMapping     : Mapped "{[/archaius || /archaius.json],methods=[GET],produces=[application/vnd.spring-boot.actuator.v1+json || application/json]}" onto public java.lang.Object org.springframework.boot.actuate.endpoint.mvc.EndpointMvcAdapter.invoke()
2021-09-18 22:20:40.929  INFO 11372 --- [restartedMain] o.s.b.a.e.mvc.EndpointHandlerMapping     : Mapped "{[/env],methods=[POST]}" onto public java.lang.Object org.springframework.cloud.context.environment.EnvironmentManagerMvcEndpoint.value(java.util.Map<java.lang.String, java.lang.String>)
2021-09-18 22:20:40.929  INFO 11372 --- [restartedMain] o.s.b.a.e.mvc.EndpointHandlerMapping     : Mapped "{[/env/reset],methods=[POST]}" onto public java.util.Map<java.lang.String, java.lang.Object> org.springframework.cloud.context.environment.EnvironmentManagerMvcEndpoint.reset()
2021-09-18 22:20:40.929  INFO 11372 --- [restartedMain] o.s.b.a.e.mvc.EndpointHandlerMapping     : Mapped "{[/service-registry/instance-status],methods=[GET]}" onto public org.springframework.http.ResponseEntity org.springframework.cloud.client.serviceregistry.endpoint.ServiceRegistryEndpoint.getStatus()
2021-09-18 22:20:40.929  INFO 11372 --- [restartedMain] o.s.b.a.e.mvc.EndpointHandlerMapping     : Mapped "{[/service-registry/instance-status],methods=[POST]}" onto public org.springframework.http.ResponseEntity<?> org.springframework.cloud.client.serviceregistry.endpoint.ServiceRegistryEndpoint.setStatus(java.lang.String)
2021-09-18 22:20:40.930  INFO 11372 --- [restartedMain] o.s.b.a.e.mvc.EndpointHandlerMapping     : Mapped "{[/health || /health.json],methods=[GET],produces=[application/vnd.spring-boot.actuator.v1+json || application/json]}" onto public java.lang.Object org.springframework.boot.actuate.endpoint.mvc.HealthMvcEndpoint.invoke(javax.servlet.http.HttpServletRequest,java.security.Principal)
2021-09-18 22:20:40.932  INFO 11372 --- [restartedMain] o.s.b.a.e.mvc.EndpointHandlerMapping     : Mapped "{[/logfile || /logfile.json],methods=[GET || HEAD]}" onto public void org.springframework.boot.actuate.endpoint.mvc.LogFileMvcEndpoint.invoke(javax.servlet.http.HttpServletRequest,javax.servlet.http.HttpServletResponse) throws javax.servlet.ServletException,java.io.IOException
2021-09-18 22:20:40.932  INFO 11372 --- [restartedMain] o.s.b.a.e.mvc.EndpointHandlerMapping     : Mapped "{[/restart || /restart.json],methods=[POST]}" onto public java.lang.Object org.springframework.cloud.context.restart.RestartMvcEndpoint.invoke()
2021-09-18 22:20:40.933  INFO 11372 --- [restartedMain] o.s.b.a.e.mvc.EndpointHandlerMapping     : Mapped "{[/trace || /trace.json],methods=[GET],produces=[application/vnd.spring-boot.actuator.v1+json || application/json]}" onto public java.lang.Object org.springframework.boot.actuate.endpoint.mvc.EndpointMvcAdapter.invoke()
2021-09-18 22:20:40.935  INFO 11372 --- [restartedMain] o.s.b.a.e.mvc.EndpointHandlerMapping     : Mapped "{[/heapdump || /heapdump.json],methods=[GET],produces=[application/octet-stream]}" onto public void org.springframework.boot.actuate.endpoint.mvc.HeapdumpMvcEndpoint.invoke(boolean,javax.servlet.http.HttpServletRequest,javax.servlet.http.HttpServletResponse) throws java.io.IOException,javax.servlet.ServletException
2021-09-18 22:20:40.936  INFO 11372 --- [restartedMain] o.s.b.a.e.mvc.EndpointHandlerMapping     : Mapped "{[/configprops || /configprops.json],methods=[GET],produces=[application/vnd.spring-boot.actuator.v1+json || application/json]}" onto public java.lang.Object org.springframework.boot.actuate.endpoint.mvc.EndpointMvcAdapter.invoke()
2021-09-18 22:20:40.939  INFO 11372 --- [restartedMain] o.s.b.a.e.mvc.EndpointHandlerMapping     : Mapped "{[/env/{name:.*}],methods=[GET],produces=[application/vnd.spring-boot.actuator.v1+json || application/json]}" onto public java.lang.Object org.springframework.boot.actuate.endpoint.mvc.EnvironmentMvcEndpoint.value(java.lang.String)
2021-09-18 22:20:40.939  INFO 11372 --- [restartedMain] o.s.b.a.e.mvc.EndpointHandlerMapping     : Mapped "{[/env || /env.json],methods=[GET],produces=[application/vnd.spring-boot.actuator.v1+json || application/json]}" onto public java.lang.Object org.springframework.boot.actuate.endpoint.mvc.EndpointMvcAdapter.invoke()
2021-09-18 22:20:40.940  INFO 11372 --- [restartedMain] o.s.b.a.e.mvc.EndpointHandlerMapping     : Mapped "{[/beans || /beans.json],methods=[GET],produces=[application/vnd.spring-boot.actuator.v1+json || application/json]}" onto public java.lang.Object org.springframework.boot.actuate.endpoint.mvc.EndpointMvcAdapter.invoke()
2021-09-18 22:20:40.940  INFO 11372 --- [restartedMain] o.s.b.a.e.mvc.EndpointHandlerMapping     : Mapped "{[/resume || /resume.json],methods=[POST]}" onto public java.lang.Object org.springframework.cloud.endpoint.GenericPostableMvcEndpoint.invoke()
2021-09-18 22:20:40.941  INFO 11372 --- [restartedMain] o.s.b.a.e.mvc.EndpointHandlerMapping     : Mapped "{[/mappings || /mappings.json],methods=[GET],produces=[application/vnd.spring-boot.actuator.v1+json || application/json]}" onto public java.lang.Object org.springframework.boot.actuate.endpoint.mvc.EndpointMvcAdapter.invoke()
2021-09-18 22:20:40.941  INFO 11372 --- [restartedMain] o.s.b.a.e.mvc.EndpointHandlerMapping     : Mapped "{[/dump || /dump.json],methods=[GET],produces=[application/vnd.spring-boot.actuator.v1+json || application/json]}" onto public java.lang.Object org.springframework.boot.actuate.endpoint.mvc.EndpointMvcAdapter.invoke()
2021-09-18 22:20:40.942  INFO 11372 --- [restartedMain] o.s.b.a.e.mvc.EndpointHandlerMapping     : Mapped "{[/autoconfig || /autoconfig.json],methods=[GET],produces=[application/vnd.spring-boot.actuator.v1+json || application/json]}" onto public java.lang.Object org.springframework.boot.actuate.endpoint.mvc.EndpointMvcAdapter.invoke()
2021-09-18 22:20:40.943  INFO 11372 --- [restartedMain] o.s.b.a.e.mvc.EndpointHandlerMapping     : Mapped "{[/loggers/{name:.*}],methods=[GET],produces=[application/vnd.spring-boot.actuator.v1+json || application/json]}" onto public java.lang.Object org.springframework.boot.actuate.endpoint.mvc.LoggersMvcEndpoint.get(java.lang.String)
2021-09-18 22:20:40.943  INFO 11372 --- [restartedMain] o.s.b.a.e.mvc.EndpointHandlerMapping     : Mapped "{[/loggers/{name:.*}],methods=[POST],consumes=[application/vnd.spring-boot.actuator.v1+json || application/json],produces=[application/vnd.spring-boot.actuator.v1+json || application/json]}" onto public java.lang.Object org.springframework.boot.actuate.endpoint.mvc.LoggersMvcEndpoint.set(java.lang.String,java.util.Map<java.lang.String, java.lang.String>)
2021-09-18 22:20:40.943  INFO 11372 --- [restartedMain] o.s.b.a.e.mvc.EndpointHandlerMapping     : Mapped "{[/loggers || /loggers.json],methods=[GET],produces=[application/vnd.spring-boot.actuator.v1+json || application/json]}" onto public java.lang.Object org.springframework.boot.actuate.endpoint.mvc.EndpointMvcAdapter.invoke()
2021-09-18 22:20:40.944  INFO 11372 --- [restartedMain] o.s.b.a.e.mvc.EndpointHandlerMapping     : Mapped "{[/info || /info.json],methods=[GET],produces=[application/vnd.spring-boot.actuator.v1+json || application/json]}" onto public java.lang.Object org.springframework.boot.actuate.endpoint.mvc.EndpointMvcAdapter.invoke()
2021-09-18 22:20:40.948  INFO 11372 --- [restartedMain] o.s.b.a.e.mvc.EndpointHandlerMapping     : Mapped "{[/metrics/{name:.*}],methods=[GET],produces=[application/vnd.spring-boot.actuator.v1+json || application/json]}" onto public java.lang.Object org.springframework.boot.actuate.endpoint.mvc.MetricsMvcEndpoint.value(java.lang.String)
2021-09-18 22:20:40.948  INFO 11372 --- [restartedMain] o.s.b.a.e.mvc.EndpointHandlerMapping     : Mapped "{[/metrics || /metrics.json],methods=[GET],produces=[application/vnd.spring-boot.actuator.v1+json || application/json]}" onto public java.lang.Object org.springframework.boot.actuate.endpoint.mvc.EndpointMvcAdapter.invoke()
2021-09-18 22:20:40.950  INFO 11372 --- [restartedMain] o.s.b.a.e.mvc.EndpointHandlerMapping     : Mapped "{[/auditevents || /auditevents.json],methods=[GET],produces=[application/vnd.spring-boot.actuator.v1+json || application/json]}" onto public org.springframework.http.ResponseEntity<?> org.springframework.boot.actuate.endpoint.mvc.AuditEventsMvcEndpoint.findByPrincipalAndAfterAndType(java.lang.String,java.util.Date,java.lang.String)
2021-09-18 22:20:40.950  INFO 11372 --- [restartedMain] o.s.b.a.e.mvc.EndpointHandlerMapping     : Mapped "{[/features || /features.json],methods=[GET],produces=[application/vnd.spring-boot.actuator.v1+json || application/json]}" onto public java.lang.Object org.springframework.boot.actuate.endpoint.mvc.EndpointMvcAdapter.invoke()
2021-09-18 22:20:40.952  INFO 11372 --- [restartedMain] o.s.b.a.e.mvc.EndpointHandlerMapping     : Mapped "{[/pause || /pause.json],methods=[POST]}" onto public java.lang.Object org.springframework.cloud.endpoint.GenericPostableMvcEndpoint.invoke()
2021-09-18 22:20:41.007  INFO 11372 --- [restartedMain] pertySourcedRequestMappingHandlerMapping : Mapped URL path [/v2/api-docs] onto method [public org.springframework.http.ResponseEntity<springfox.documentation.spring.web.json.Json> springfox.documentation.swagger2.web.Swagger2Controller.getDocumentation(java.lang.String,javax.servlet.http.HttpServletRequest)]
2021-09-18 22:20:41.086  INFO 11372 --- [restartedMain] s.w.s.m.m.a.RequestMappingHandlerAdapter : Looking for @ControllerAdvice: org.springframework.boot.context.embedded.AnnotationConfigEmbeddedWebApplicationContext@431c48e4: startup date [Sat Sep 18 22:20:37 CST 2021]; parent: org.springframework.context.annotation.AnnotationConfigApplicationContext@3232a361
2021-09-18 22:20:41.098  INFO 11372 --- [restartedMain] o.s.w.s.handler.SimpleUrlHandlerMapping  : Mapped URL path [/webjars/**] onto handler of type [class org.springframework.web.servlet.resource.ResourceHttpRequestHandler]
2021-09-18 22:20:41.098  INFO 11372 --- [restartedMain] o.s.w.s.handler.SimpleUrlHandlerMapping  : Mapped URL path [/**] onto handler of type [class org.springframework.web.servlet.resource.ResourceHttpRequestHandler]
2021-09-18 22:20:41.116  INFO 11372 --- [restartedMain] o.s.w.s.handler.SimpleUrlHandlerMapping  : Mapped URL path [/**/favicon.ico] onto handler of type [class org.springframework.web.servlet.resource.ResourceHttpRequestHandler]
2021-09-18 22:20:41.243  WARN 11372 --- [restartedMain] o.s.b.d.a.OptionalLiveReloadServer       : Unable to start LiveReload server
2021-09-18 22:20:41.281  WARN 11372 --- [restartedMain] c.n.c.sources.URLConfigurationSource     : No URLs will be polled as dynamic configuration sources.
2021-09-18 22:20:41.281  INFO 11372 --- [restartedMain] c.n.c.sources.URLConfigurationSource     : To enable URLs as dynamic configuration sources, define System property archaius.configurationSource.additionalUrls or make config.properties available on classpath.
2021-09-18 22:20:41.424  INFO 11372 --- [restartedMain] o.s.j.e.a.AnnotationMBeanExporter        : Registering beans for JMX exposure on startup
2021-09-18 22:20:41.426  INFO 11372 --- [restartedMain] o.s.j.e.a.AnnotationMBeanExporter        : Bean with name 'dataSource' has been autodetected for JMX exposure
2021-09-18 22:20:41.428  INFO 11372 --- [restartedMain] o.s.j.e.a.AnnotationMBeanExporter        : Bean with name 'environmentManager' has been autodetected for JMX exposure
2021-09-18 22:20:41.429  INFO 11372 --- [restartedMain] o.s.j.e.a.AnnotationMBeanExporter        : Bean with name 'configurationPropertiesRebinder' has been autodetected for JMX exposure
2021-09-18 22:20:41.429  INFO 11372 --- [restartedMain] o.s.j.e.a.AnnotationMBeanExporter        : Bean with name 'refreshEndpoint' has been autodetected for JMX exposure
2021-09-18 22:20:41.429  INFO 11372 --- [restartedMain] o.s.j.e.a.AnnotationMBeanExporter        : Bean with name 'restartEndpoint' has been autodetected for JMX exposure
2021-09-18 22:20:41.430  INFO 11372 --- [restartedMain] o.s.j.e.a.AnnotationMBeanExporter        : Bean with name 'serviceRegistryEndpoint' has been autodetected for JMX exposure
2021-09-18 22:20:41.430  INFO 11372 --- [restartedMain] o.s.j.e.a.AnnotationMBeanExporter        : Bean with name 'refreshScope' has been autodetected for JMX exposure
2021-09-18 22:20:41.432  INFO 11372 --- [restartedMain] o.s.j.e.a.AnnotationMBeanExporter        : Located managed bean 'environmentManager': registering with JMX server as MBean [org.springframework.cloud.context.environment:name=environmentManager,type=EnvironmentManager]
2021-09-18 22:20:41.435  INFO 11372 --- [restartedMain] o.s.j.e.a.AnnotationMBeanExporter        : Located managed bean 'restartEndpoint': registering with JMX server as MBean [org.springframework.cloud.context.restart:name=restartEndpoint,type=RestartEndpoint]
2021-09-18 22:20:41.438  INFO 11372 --- [restartedMain] o.s.j.e.a.AnnotationMBeanExporter        : Located managed bean 'serviceRegistryEndpoint': registering with JMX server as MBean [org.springframework.cloud.client.serviceregistry.endpoint:name=serviceRegistryEndpoint,type=ServiceRegistryEndpoint]
2021-09-18 22:20:41.442  INFO 11372 --- [restartedMain] o.s.j.e.a.AnnotationMBeanExporter        : Located managed bean 'refreshScope': registering with JMX server as MBean [org.springframework.cloud.context.scope.refresh:name=refreshScope,type=RefreshScope]
2021-09-18 22:20:41.446  INFO 11372 --- [restartedMain] o.s.j.e.a.AnnotationMBeanExporter        : Located managed bean 'configurationPropertiesRebinder': registering with JMX server as MBean [org.springframework.cloud.context.properties:name=configurationPropertiesRebinder,context=431c48e4,type=ConfigurationPropertiesRebinder]
2021-09-18 22:20:41.449  INFO 11372 --- [restartedMain] o.s.j.e.a.AnnotationMBeanExporter        : Located MBean 'dataSource': registering with JMX server as MBean [com.alibaba.druid.pool:name=dataSource,type=DruidDataSource]
2021-09-18 22:20:41.451  INFO 11372 --- [restartedMain] o.s.j.e.a.AnnotationMBeanExporter        : Located managed bean 'refreshEndpoint': registering with JMX server as MBean [org.springframework.cloud.endpoint:name=refreshEndpoint,type=RefreshEndpoint]
2021-09-18 22:20:41.766  INFO 11372 --- [restartedMain] o.s.c.support.DefaultLifecycleProcessor  : Starting beans in phase 0
2021-09-18 22:20:41.768  INFO 11372 --- [restartedMain] o.s.c.n.eureka.InstanceInfoFactory       : Setting initial instance status as: STARTING
2021-09-18 22:20:41.780  INFO 11372 --- [restartedMain] com.netflix.discovery.DiscoveryClient    : Initializing Eureka in region us-east-1
2021-09-18 22:20:41.783  INFO 11372 --- [restartedMain] c.n.d.provider.DiscoveryJerseyProvider   : Using JSON encoding codec LegacyJacksonJson
2021-09-18 22:20:41.783  INFO 11372 --- [restartedMain] c.n.d.provider.DiscoveryJerseyProvider   : Using JSON decoding codec LegacyJacksonJson
2021-09-18 22:20:41.783  INFO 11372 --- [restartedMain] c.n.d.provider.DiscoveryJerseyProvider   : Using XML encoding codec XStreamXml
2021-09-18 22:20:41.783  INFO 11372 --- [restartedMain] c.n.d.provider.DiscoveryJerseyProvider   : Using XML decoding codec XStreamXml
2021-09-18 22:20:41.846  INFO 11372 --- [restartedMain] c.n.d.s.r.aws.ConfigClusterResolver      : Resolving eureka endpoints via configuration
2021-09-18 22:20:41.849  INFO 11372 --- [restartedMain] com.netflix.discovery.DiscoveryClient    : Disable delta property : false
2021-09-18 22:20:41.849  INFO 11372 --- [restartedMain] com.netflix.discovery.DiscoveryClient    : Single vip registry refresh property : null
2021-09-18 22:20:41.849  INFO 11372 --- [restartedMain] com.netflix.discovery.DiscoveryClient    : Force full registry fetch : false
2021-09-18 22:20:41.849  INFO 11372 --- [restartedMain] com.netflix.discovery.DiscoveryClient    : Application is null : false
2021-09-18 22:20:41.850  INFO 11372 --- [restartedMain] com.netflix.discovery.DiscoveryClient    : Registered Applications size is zero : true
2021-09-18 22:20:41.850  INFO 11372 --- [restartedMain] com.netflix.discovery.DiscoveryClient    : Application version is -1: true
2021-09-18 22:20:41.850  INFO 11372 --- [restartedMain] com.netflix.discovery.DiscoveryClient    : Getting all instance registry info from the eureka server
2021-09-18 22:20:41.860  INFO 11372 --- [restartedMain] com.netflix.discovery.DiscoveryClient    : The response status is 200
2021-09-18 22:20:41.863  INFO 11372 --- [restartedMain] com.netflix.discovery.DiscoveryClient    : Starting heartbeat executor: renew interval is: 30
2021-09-18 22:20:41.864  INFO 11372 --- [restartedMain] c.n.discovery.InstanceInfoReplicator     : InstanceInfoReplicator onDemand update allowed rate per min is 4
2021-09-18 22:20:41.865  INFO 11372 --- [restartedMain] com.netflix.discovery.DiscoveryClient    : Discovery Client initialized at timestamp 1631974841865 with initial instances count: 1
2021-09-18 22:20:41.868  INFO 11372 --- [restartedMain] o.s.c.n.e.s.EurekaServiceRegistry        : Registering application microservicespringcloud-dept with eureka with status UP
2021-09-18 22:20:41.868  INFO 11372 --- [restartedMain] com.netflix.discovery.DiscoveryClient    : Saw local status change event StatusChangeEvent [timestamp=1631974841868, current=UP, previous=STARTING]
2021-09-18 22:20:41.870  INFO 11372 --- [DiscoveryClient-InstanceInfoReplicator-0] com.netflix.discovery.DiscoveryClient    : DiscoveryClient_MICROSERVICESPRINGCLOUD-DEPT/microservicespringcloud-dept8001: registering service...
2021-09-18 22:20:41.896  INFO 11372 --- [DiscoveryClient-InstanceInfoReplicator-0] com.netflix.discovery.DiscoveryClient    : DiscoveryClient_MICROSERVICESPRINGCLOUD-DEPT/microservicespringcloud-dept8001 - registration status: 204
2021-09-18 22:20:41.915  INFO 11372 --- [restartedMain] o.s.c.support.DefaultLifecycleProcessor  : Starting beans in phase 2147483647
2021-09-18 22:20:41.915  INFO 11372 --- [restartedMain] d.s.w.p.DocumentationPluginsBootstrapper : Context refreshed
2021-09-18 22:20:41.917  INFO 11372 --- [restartedMain] d.s.w.p.DocumentationPluginsBootstrapper : Found 1 custom documentation plugin(s)
2021-09-18 22:20:41.926  INFO 11372 --- [restartedMain] s.d.s.w.s.ApiListingReferenceScanner     : Scanning for api listing references
2021-09-18 22:20:41.941  INFO 11372 --- [restartedMain] .d.s.w.r.o.CachingOperationNameGenerator : Generating unique operation named: findByPrincipalAndAfterAndTypeUsingGET_1
2021-09-18 22:20:42.049  INFO 11372 --- [restartedMain] .d.s.w.r.o.CachingOperationNameGenerator : Generating unique operation named: invokeUsingGET_1
2021-09-18 22:20:42.052  INFO 11372 --- [restartedMain] .d.s.w.r.o.CachingOperationNameGenerator : Generating unique operation named: invokeUsingGET_2
2021-09-18 22:20:42.054  INFO 11372 --- [restartedMain] .d.s.w.r.o.CachingOperationNameGenerator : Generating unique operation named: invokeUsingGET_3
2021-09-18 22:20:42.056  INFO 11372 --- [restartedMain] .d.s.w.r.o.CachingOperationNameGenerator : Generating unique operation named: invokeUsingGET_4
2021-09-18 22:20:42.058  INFO 11372 --- [restartedMain] .d.s.w.r.o.CachingOperationNameGenerator : Generating unique operation named: invokeUsingGET_5
2021-09-18 22:20:42.059  INFO 11372 --- [restartedMain] .d.s.w.r.o.CachingOperationNameGenerator : Generating unique operation named: invokeUsingGET_6
2021-09-18 22:20:42.060  INFO 11372 --- [restartedMain] .d.s.w.r.o.CachingOperationNameGenerator : Generating unique operation named: invokeUsingGET_7
2021-09-18 22:20:42.061  INFO 11372 --- [restartedMain] .d.s.w.r.o.CachingOperationNameGenerator : Generating unique operation named: invokeUsingGET_8
2021-09-18 22:20:42.063  INFO 11372 --- [restartedMain] .d.s.w.r.o.CachingOperationNameGenerator : Generating unique operation named: invokeUsingGET_9
2021-09-18 22:20:42.064  INFO 11372 --- [restartedMain] .d.s.w.r.o.CachingOperationNameGenerator : Generating unique operation named: invokeUsingGET_10
2021-09-18 22:20:42.066  INFO 11372 --- [restartedMain] .d.s.w.r.o.CachingOperationNameGenerator : Generating unique operation named: invokeUsingGET_11
2021-09-18 22:20:42.067  INFO 11372 --- [restartedMain] .d.s.w.r.o.CachingOperationNameGenerator : Generating unique operation named: invokeUsingGET_12
2021-09-18 22:20:42.068  INFO 11372 --- [restartedMain] .d.s.w.r.o.CachingOperationNameGenerator : Generating unique operation named: invokeUsingGET_13
2021-09-18 22:20:42.070  INFO 11372 --- [restartedMain] .d.s.w.r.o.CachingOperationNameGenerator : Generating unique operation named: invokeUsingGET_14
2021-09-18 22:20:42.071  INFO 11372 --- [restartedMain] .d.s.w.r.o.CachingOperationNameGenerator : Generating unique operation named: invokeUsingGET_15
2021-09-18 22:20:42.072  INFO 11372 --- [restartedMain] .d.s.w.r.o.CachingOperationNameGenerator : Generating unique operation named: invokeUsingGET_16
2021-09-18 22:20:42.073  INFO 11372 --- [restartedMain] .d.s.w.r.o.CachingOperationNameGenerator : Generating unique operation named: invokeUsingGET_17
2021-09-18 22:20:42.079  INFO 11372 --- [restartedMain] .d.s.w.r.o.CachingOperationNameGenerator : Generating unique operation named: invokeUsingGET_18
2021-09-18 22:20:42.080  INFO 11372 --- [restartedMain] .d.s.w.r.o.CachingOperationNameGenerator : Generating unique operation named: invokeUsingGET_19
2021-09-18 22:20:42.087  INFO 11372 --- [restartedMain] .d.s.w.r.o.CachingOperationNameGenerator : Generating unique operation named: invokeUsingPOST_1
2021-09-18 22:20:42.088  INFO 11372 --- [restartedMain] .d.s.w.r.o.CachingOperationNameGenerator : Generating unique operation named: invokeUsingPOST_2
2021-09-18 22:20:42.088  INFO 11372 --- [restartedMain] .d.s.w.r.o.CachingOperationNameGenerator : Generating unique operation named: invokeUsingPOST_3
2021-09-18 22:20:42.089  INFO 11372 --- [restartedMain] .d.s.w.r.o.CachingOperationNameGenerator : Generating unique operation named: invokeUsingPOST_4
2021-09-18 22:20:42.090  INFO 11372 --- [restartedMain] .d.s.w.r.o.CachingOperationNameGenerator : Generating unique operation named: invokeUsingPOST_5
2021-09-18 22:20:42.097  INFO 11372 --- [restartedMain] .d.s.w.r.o.CachingOperationNameGenerator : Generating unique operation named: invokeUsingGET_20
2021-09-18 22:20:42.101  INFO 11372 --- [restartedMain] .d.s.w.r.o.CachingOperationNameGenerator : Generating unique operation named: invokeUsingGET_21
2021-09-18 22:20:42.106  INFO 11372 --- [restartedMain] .d.s.w.r.o.CachingOperationNameGenerator : Generating unique operation named: invokeUsingGET_22
2021-09-18 22:20:42.109  INFO 11372 --- [restartedMain] .d.s.w.r.o.CachingOperationNameGenerator : Generating unique operation named: invokeUsingGET_23
2021-09-18 22:20:42.114  INFO 11372 --- [restartedMain] .d.s.w.r.o.CachingOperationNameGenerator : Generating unique operation named: invokeUsingGET_24
2021-09-18 22:20:42.119  INFO 11372 --- [restartedMain] .d.s.w.r.o.CachingOperationNameGenerator : Generating unique operation named: invokeUsingGET_25
2021-09-18 22:20:42.122  INFO 11372 --- [restartedMain] .d.s.w.r.o.CachingOperationNameGenerator : Generating unique operation named: invokeUsingHEAD_1
2021-09-18 22:20:42.124  INFO 11372 --- [restartedMain] .d.s.w.r.o.CachingOperationNameGenerator : Generating unique operation named: getUsingGET_1
2021-09-18 22:20:42.125  INFO 11372 --- [restartedMain] .d.s.w.r.o.CachingOperationNameGenerator : Generating unique operation named: invokeUsingGET_26
2021-09-18 22:20:42.126  INFO 11372 --- [restartedMain] .d.s.w.r.o.CachingOperationNameGenerator : Generating unique operation named: invokeUsingGET_27
2021-09-18 22:20:42.129  INFO 11372 --- [restartedMain] .d.s.w.r.o.CachingOperationNameGenerator : Generating unique operation named: invokeUsingGET_28
2021-09-18 22:20:42.130  INFO 11372 --- [restartedMain] .d.s.w.r.o.CachingOperationNameGenerator : Generating unique operation named: invokeUsingGET_29
2021-09-18 22:20:42.134  INFO 11372 --- [restartedMain] .d.s.w.r.o.CachingOperationNameGenerator : Generating unique operation named: valueUsingGET_1
2021-09-18 22:20:42.136  INFO 11372 --- [restartedMain] .d.s.w.r.o.CachingOperationNameGenerator : Generating unique operation named: invokeUsingPOST_6
2021-09-18 22:20:42.137  INFO 11372 --- [restartedMain] .d.s.w.r.o.CachingOperationNameGenerator : Generating unique operation named: invokeUsingPOST_7
2021-09-18 22:20:42.211  INFO 11372 --- [restartedMain] o.e.j.s.h.ContextHandler.application     : Initializing Spring FrameworkServlet 'dispatcherServlet'
2021-09-18 22:20:42.211  INFO 11372 --- [restartedMain] o.s.web.servlet.DispatcherServlet        : FrameworkServlet 'dispatcherServlet': initialization started
2021-09-18 22:20:42.216  INFO 11372 --- [restartedMain] o.s.web.servlet.DispatcherServlet        : FrameworkServlet 'dispatcherServlet': initialization completed in 5 ms
2021-09-18 22:20:42.218  INFO 11372 --- [restartedMain] o.e.jetty.server.AbstractConnector       : Started ServerConnector@2036b6bd{HTTP/1.1,[http/1.1]}{0.0.0.0:8001}
2021-09-18 22:20:42.218  INFO 11372 --- [restartedMain] .s.b.c.e.j.JettyEmbeddedServletContainer : Jetty started on port(s) 8001 (http/1.1)
2021-09-18 22:20:42.219  INFO 11372 --- [restartedMain] .s.c.n.e.s.EurekaAutoServiceRegistration : Updating port to 8001
2021-09-18 22:20:42.224  INFO 11372 --- [restartedMain] c.k.springcloud.DeptProvider8001_App     : Started DeptProvider8001_App in 6.625 seconds (JVM running for 1511.944)
2021-09-18 22:20:49.832  INFO 11372 --- [Thread-92] s.c.a.AnnotationConfigApplicationContext : Closing org.springframework.context.annotation.AnnotationConfigApplicationContext@3232a361: startup date [Sat Sep 18 22:20:36 CST 2021]; root of context hierarchy
2021-09-18 22:20:49.856  INFO 11372 --- [Thread-92] ationConfigEmbeddedWebApplicationContext : Closing org.springframework.boot.context.embedded.AnnotationConfigEmbeddedWebApplicationContext@431c48e4: startup date [Sat Sep 18 22:20:37 CST 2021]; parent: org.springframework.context.annotation.AnnotationConfigApplicationContext@3232a361
2021-09-18 22:20:49.858  INFO 11372 --- [Thread-92] o.s.c.n.e.s.EurekaServiceRegistry        : Unregistering application microservicespringcloud-dept with eureka with status DOWN
2021-09-18 22:20:49.858  WARN 11372 --- [Thread-92] com.netflix.discovery.DiscoveryClient    : Saw local status change event StatusChangeEvent [timestamp=1631974849858, current=DOWN, previous=UP]
2021-09-18 22:20:49.859  INFO 11372 --- [Thread-92] com.netflix.discovery.DiscoveryClient    : Shutting down DiscoveryClient ...
2021-09-18 22:20:49.859  INFO 11372 --- [Thread-92] com.netflix.discovery.DiscoveryClient    : Unregistering ...
2021-09-18 22:20:49.879  INFO 11372 --- [Thread-92] com.netflix.discovery.DiscoveryClient    : DiscoveryClient_MICROSERVICESPRINGCLOUD-DEPT/microservicespringcloud-dept8001 - deregister  status: 200
2021-09-18 22:20:49.895  INFO 11372 --- [Thread-92] com.netflix.discovery.DiscoveryClient    : Completed shut down of DiscoveryClient
2021-09-18 22:20:49.897  INFO 11372 --- [Thread-92] o.s.c.support.DefaultLifecycleProcessor  : Stopping beans in phase 2147483647
2021-09-18 22:20:49.897  INFO 11372 --- [Thread-92] o.s.c.support.DefaultLifecycleProcessor  : Stopping beans in phase 0
2021-09-18 22:20:49.899  INFO 11372 --- [Thread-92] o.s.j.e.a.AnnotationMBeanExporter        : Unregistering JMX-exposed beans on shutdown
2021-09-18 22:20:49.899  INFO 11372 --- [Thread-92] o.s.j.e.a.AnnotationMBeanExporter        : Unregistering JMX-exposed beans
2021-09-18 22:20:49.903  INFO 11372 --- [Thread-92] com.alibaba.druid.pool.DruidDataSource   : {dataSource-6} closed
2021-09-18 22:20:49.904  INFO 11372 --- [Thread-92] o.e.jetty.server.AbstractConnector       : Stopped ServerConnector@2036b6bd{HTTP/1.1,[http/1.1]}{0.0.0.0:8001}
2021-09-18 22:20:49.907  INFO 11372 --- [Thread-92] org.eclipse.jetty.server.session         : Stopped scavenging
2021-09-18 22:20:49.907  INFO 11372 --- [Thread-92] o.e.j.s.h.ContextHandler.application     : Destroying Spring FrameworkServlet 'dispatcherServlet'
2021-09-18 22:20:49.909  INFO 11372 --- [Thread-92] o.e.jetty.server.handler.ContextHandler  : Stopped o.s.b.c.e.j.JettyEmbeddedWebAppContext@731f6131{/,[file:///C:/Users/Administrator/AppData/Local/Temp/jetty-docbase.3411120074837351659.8001/, jar:file:/D:/mavenRepository/io/springfox/springfox-swagger-ui/2.8.0/springfox-swagger-ui-2.8.0.jar!/META-INF/resources],UNAVAILABLE}
